Log for W2VGNewsHybrid13 of discriminative attribute detection model
logged on 30/01/2018 07:08:20
-------------------------------------------------------------------------------
banana,cucumber,long,0:1
Similarity score between cucumber and long is 2.0729917797228457E-4
Similarity score between banana and long is 0.07099574077601302
The difference between similarity scores is 0.07078844159804074
-------------------------------------------------------------------------------
lambs,cattle,wool,1:0
Similarity score between cattle and wool is 0.36511527283622486
Similarity score between lambs and wool is 0.4405668618678399
The difference between similarity scores is 0.07545158903161503
-------------------------------------------------------------------------------
shrimp,spinach,pink,1:0
Similarity score between spinach and pink is 0.18101781476874035
Similarity score between shrimp and pink is 0.19989417737362697
The difference between similarity scores is 0.01887636260488662
-------------------------------------------------------------------------------
garage,brick,large,1:0
Similarity score between brick and large is 0.13882626887165692
Similarity score between garage and large is 0.06285899411368108
The difference between similarity scores is 0.07596727475797584
-------------------------------------------------------------------------------
walkway,alley,walk,0:1
Similarity score between alley and walk is 0.24841898554667577
Similarity score between walkway and walk is 0.31119301295623397
The difference between similarity scores is 0.0627740274095582
-------------------------------------------------------------------------------
teeth,tongue,white,1:0
Similarity score between teeth and white is 0.13214712035410164
Similarity score between tongue and white is 0.11022254367846511
The difference between similarity scores is 0.021924576675636534
-------------------------------------------------------------------------------
broom,peacock,long,0:1
Similarity score between peacock and long is 0.12097206553255367
Similarity score between broom and long is 0.10822224993722086
The difference between similarity scores is 0.012749815595332809
-------------------------------------------------------------------------------
elbow,finger,arm,0:1
Similarity score between finger and arm is 0.4485442794542687
Similarity score between elbow and arm is 0.4934525760842969
The difference between similarity scores is 0.044908296630028155
-------------------------------------------------------------------------------
owl,buzzard,eyes,0:1
Similarity score between owl and eyes is 0.15714855767025834
Similarity score between buzzard and eyes is 0.1335025215706713
The difference between similarity scores is 0.023646036099587042
-------------------------------------------------------------------------------
adults,child,grownup,1:0
Similarity score between adults and grownup is 0.38704625721476066
Similarity score between child and grownup is 0.36797920994127276
The difference between similarity scores is 0.019067047273487903
-------------------------------------------------------------------------------
herbs,root,green,1:0
Similarity score between herbs and green is 0.15372259901699797
Similarity score between root and green is 0.1509143020487477
The difference between similarity scores is 0.0028082969682502734
-------------------------------------------------------------------------------
sledgehammer,axe,long,0:1
Similarity score between sledgehammer and long is 0.04734504272432226
Similarity score between axe and long is 0.0
The difference between similarity scores is 0.04734504272432226
-------------------------------------------------------------------------------
canyon,valley,deep,0:1
Similarity score between canyon and deep is 0.23591841414074072
Similarity score between valley and deep is 0.1306122047192561
The difference between similarity scores is 0.10530620942148461
-------------------------------------------------------------------------------
pig,sheep,pink,1:0
Similarity score between sheep and pink is 0.11165854474357206
Similarity score between pig and pink is 0.19248641316807782
The difference between similarity scores is 0.08082786842450576
-------------------------------------------------------------------------------
rum,liquor,alcohol,0:1
Similarity score between rum and alcohol is 0.327857649068644
Similarity score between liquor and alcohol is 0.624607938858238
The difference between similarity scores is 0.29675028978959395
-------------------------------------------------------------------------------
tuna,asparagus,swims,1:0
Similarity score between tuna and swims is 0.20258880634087814
Similarity score between asparagus and swims is 0.11161908478977467
The difference between similarity scores is 0.09096972155110347
-------------------------------------------------------------------------------
olive,peas,oil,1:0
Similarity score between peas and oil is 0.12489215189436202
Similarity score between olive and oil is 0.20867656812159288
The difference between similarity scores is 0.08378441622723086
-------------------------------------------------------------------------------
shoulder,leg,arm,1:0
Similarity score between shoulder and arm is 0.5259955250932896
Similarity score between leg and arm is 0.5505544358637441
The difference between similarity scores is 0.024558910770454467
-------------------------------------------------------------------------------
beaver,mink,wood,1:0
Similarity score between beaver and wood is 0.2030099234619774
Similarity score between mink and wood is 0.15089508178789382
The difference between similarity scores is 0.05211484167408359
-------------------------------------------------------------------------------
crocodile,dolphin,long,0:1
Similarity score between crocodile and long is 0.11110181533713312
Similarity score between dolphin and long is 0.05832116410143919
The difference between similarity scores is 0.05278065123569393
-------------------------------------------------------------------------------
daughters,girl,female,0:1
Similarity score between daughters and female is 0.18779509818171172
Similarity score between girl and female is 0.3468012534633346
The difference between similarity scores is 0.1590061552816229
-------------------------------------------------------------------------------
pipe,barrel,long,1:0
Similarity score between pipe and long is 0.11862755213322394
Similarity score between barrel and long is 0.1268287144837091
The difference between similarity scores is 0.008201162350485167
-------------------------------------------------------------------------------
salamander,alligator,water,0:1
Similarity score between alligator and water is 0.2668766698996543
Similarity score between salamander and water is 0.23754642899179976
The difference between similarity scores is 0.02933024090785455
-------------------------------------------------------------------------------
buggy,wheelbarrow,wheels,0:1
Similarity score between buggy and wheels is 0.33469897697533824
Similarity score between wheelbarrow and wheels is 0.2988380600931129
The difference between similarity scores is 0.03586091688222531
-------------------------------------------------------------------------------
broom,pine,long,0:1
Similarity score between pine and long is 0.15412880569213375
Similarity score between broom and long is 0.10822224993722086
The difference between similarity scores is 0.045906555754912884
-------------------------------------------------------------------------------
fog,snow,weather,0:1
Similarity score between snow and weather is 0.5175461496713658
Similarity score between fog and weather is 0.41371597610389804
The difference between similarity scores is 0.10383017356746777
-------------------------------------------------------------------------------
orthodontist,gynaecologist,profession,0:1
Similarity score between orthodontist and profession is 0.1702909001897728
Similarity score between gynaecologist and profession is 0.0
The difference between similarity scores is 0.1702909001897728
-------------------------------------------------------------------------------
basket,bag,wicker,1:0
Similarity score between basket and wicker is 0.2395293348466646
Similarity score between bag and wicker is 0.2155466809695416
The difference between similarity scores is 0.023982653877123006
-------------------------------------------------------------------------------
frog,snail,legs,1:0
Similarity score between frog and legs is 0.20048803665198592
Similarity score between snail and legs is 0.16177179893470583
The difference between similarity scores is 0.03871623771728008
-------------------------------------------------------------------------------
juice,sugar,orange,1:0
Similarity score between sugar and orange is 0.2501065884983682
Similarity score between juice and orange is 0.3335988960869773
The difference between similarity scores is 0.0834923075886091
-------------------------------------------------------------------------------
daughters,princess,poor,1:0
Similarity score between princess and poor is 0.0301556536634076
Similarity score between daughters and poor is 0.059293154562249636
The difference between similarity scores is 0.029137500898842036
-------------------------------------------------------------------------------
skyscraper,apartment,large,1:0
Similarity score between skyscraper and large is 0.039380336619967364
Similarity score between apartment and large is 0.06819025763791604
The difference between similarity scores is 0.02880992101794868
-------------------------------------------------------------------------------
sausage,bacon,rounded,1:0
Similarity score between sausage and rounded is 0.07180942500995575
Similarity score between bacon and rounded is 0.06879148817651383
The difference between similarity scores is 0.0030179368334419254
-------------------------------------------------------------------------------
yacht,canoe,large,1:0
Similarity score between yacht and large is 0.07205047046278973
Similarity score between canoe and large is 0.030708474416607262
The difference between similarity scores is 0.041341996046182466
-------------------------------------------------------------------------------
eyebrow,brow,hair,1:0
Similarity score between brow and hair is 0.42233150556327187
Similarity score between eyebrow and hair is 0.40576339772360837
The difference between similarity scores is 0.016568107839663504
-------------------------------------------------------------------------------
knee,neck,pads,1:0
Similarity score between knee and pads is 0.2798590840839282
Similarity score between neck and pads is 0.19472087797983584
The difference between similarity scores is 0.08513820610409234
-------------------------------------------------------------------------------
jazz,music,listen,0:1
Similarity score between music and listen is 0.35209350696648334
Similarity score between jazz and listen is 0.21326090370757045
The difference between similarity scores is 0.1388326032589129
-------------------------------------------------------------------------------
chicken,bread,legs,1:0
Similarity score between chicken and legs is 0.21619217053052536
Similarity score between bread and legs is 0.16944840439208148
The difference between similarity scores is 0.04674376613844389
-------------------------------------------------------------------------------
mother,woman,female,0:1
Similarity score between woman and female is 0.4969047285638524
Similarity score between mother and female is 0.18754738560877895
The difference between similarity scores is 0.30935734295507344
-------------------------------------------------------------------------------
shrimp,asparagus,swims,1:0
Similarity score between shrimp and swims is 0.18360412436546944
Similarity score between asparagus and swims is 0.11161908478977467
The difference between similarity scores is 0.07198503957569477
-------------------------------------------------------------------------------
pelican,turtle,large,0:1
Similarity score between turtle and large is 0.09342235354551995
Similarity score between pelican and large is 0.08872595909388775
The difference between similarity scores is 0.0046963944516321965
-------------------------------------------------------------------------------
ox,hyena,large,1:0
Similarity score between ox and large is 0.06312775501593035
Similarity score between hyena and large is 0.035999451936937564
The difference between similarity scores is 0.027128303078992784
-------------------------------------------------------------------------------
basket,tray,wicker,1:0
Similarity score between tray and wicker is 0.2939198002654916
Similarity score between basket and wicker is 0.2395293348466646
The difference between similarity scores is 0.05439046541882697
-------------------------------------------------------------------------------
whip,brush,long,1:0
Similarity score between brush and long is 0.04187319174733539
Similarity score between whip and long is 0.0599527471267223
The difference between similarity scores is 0.018079555379386908
-------------------------------------------------------------------------------
co-star,actress,movie,0:1
Similarity score between co-star and movie is 0.21243900170821486
Similarity score between actress and movie is 0.43471902201246293
The difference between similarity scores is 0.22228002030424807
-------------------------------------------------------------------------------
politician,nationalist,politics,0:1
Similarity score between nationalist and politics is 0.3769359813433908
Similarity score between politician and politics is 0.5695299975125239
The difference between similarity scores is 0.19259401616913308
-------------------------------------------------------------------------------
chest,neck,large,1:0
Similarity score between chest and large is 0.028453304773688435
Similarity score between neck and large is 0.056540149638236205
The difference between similarity scores is 0.02808684486454777
-------------------------------------------------------------------------------
plate,gynaecologist,act,0:1
Similarity score between gynaecologist and act is 0.0
Similarity score between plate and act is 0.04516882952458948
The difference between similarity scores is 0.04516882952458948
-------------------------------------------------------------------------------
news,newspaper,tv,1:0
Similarity score between newspaper and tv is 0.17470067699766986
Similarity score between news and tv is 0.2879937507877246
The difference between similarity scores is 0.11329307379005474
-------------------------------------------------------------------------------
fabrics,linen,wool,1:0
Similarity score between linen and wool is 0.4462108824247263
Similarity score between fabrics and wool is 0.5402630769234534
The difference between similarity scores is 0.09405219449872715
-------------------------------------------------------------------------------
oven,freezer,kitchen,0:1
Similarity score between oven and kitchen is 0.5447718520260227
Similarity score between freezer and kitchen is 0.4848973797063587
The difference between similarity scores is 0.05987447231966403
-------------------------------------------------------------------------------
desk,toilet,legs,1:0
Similarity score between desk and legs is 0.17676242369520354
Similarity score between toilet and legs is 0.14488026498407558
The difference between similarity scores is 0.031882158711127956
-------------------------------------------------------------------------------
face,body,hair,0:1
Similarity score between body and hair is 0.3083358686234022
Similarity score between face and hair is 0.2174153280833692
The difference between similarity scores is 0.09092054054003298
-------------------------------------------------------------------------------
pelican,turtle,white,1:0
Similarity score between turtle and white is 0.12369996236497025
Similarity score between pelican and white is 0.20048401773327815
The difference between similarity scores is 0.0767840553683079
-------------------------------------------------------------------------------
sweater,shirt,wool,1:0
Similarity score between shirt and wool is 0.2773538384945374
Similarity score between sweater and wool is 0.35806471475488194
The difference between similarity scores is 0.08071087626034457
-------------------------------------------------------------------------------
frog,cow,jumps,1:0
Similarity score between frog and jumps is 0.1731174370669658
Similarity score between cow and jumps is 0.11753209012902346
The difference between similarity scores is 0.05558534693794234
-------------------------------------------------------------------------------
cots,crib,camp,1:0
Similarity score between cots and camp is 0.15373431748854727
Similarity score between crib and camp is 0.0516850910746752
The difference between similarity scores is 0.10204922641387207
-------------------------------------------------------------------------------
chicken,cucumber,legs,1:0
Similarity score between cucumber and legs is 0.2125619079121129
Similarity score between chicken and legs is 0.21619217053052536
The difference between similarity scores is 0.0036302626184124553
-------------------------------------------------------------------------------
osteopath,dentist,bones,1:0
Similarity score between dentist and bones is 0.12355460353045312
Similarity score between osteopath and bones is 0.12522871221684134
The difference between similarity scores is 0.0016741086863882176
-------------------------------------------------------------------------------
beets,garlic,round,1:0
Similarity score between beets and round is 0.02569497755542915
Similarity score between garlic and round is -0.023584391933145425
The difference between similarity scores is 0.04927936948857457
-------------------------------------------------------------------------------
copper,slingshot,skin,0:1
Similarity score between copper and skin is 0.08255699186751757
Similarity score between slingshot and skin is 0.04125412316467285
The difference between similarity scores is 0.04130286870284472
-------------------------------------------------------------------------------
father,prince,man,0:1
Similarity score between prince and man is 0.28102203428983075
Similarity score between father and man is 0.4201099119121219
The difference between similarity scores is 0.13908787762229113
-------------------------------------------------------------------------------
arcades,alley,walk,0:1
Similarity score between alley and walk is 0.24841898554667577
Similarity score between arcades and walk is 0.06746484968991366
The difference between similarity scores is 0.18095413585676212
-------------------------------------------------------------------------------
computers,machine,keyboard,1:0
Similarity score between machine and keyboard is 0.26093172162254125
Similarity score between computers and keyboard is 0.2741275945223517
The difference between similarity scores is 0.013195872899810446
-------------------------------------------------------------------------------
grape,vine,round,1:0
Similarity score between vine and round is 0.06340082748209606
Similarity score between grape and round is 0.07224850514287903
The difference between similarity scores is 0.008847677660782968
-------------------------------------------------------------------------------
mouse,squirrel,house,1:0
Similarity score between mouse and house is 0.08120987234167247
Similarity score between squirrel and house is 0.16700041061058857
The difference between similarity scores is 0.0857905382689161
-------------------------------------------------------------------------------
cucumber,eggplant,long,0:1
Similarity score between eggplant and long is 0.0823161644489076
Similarity score between cucumber and long is 2.0729917797228457E-4
The difference between similarity scores is 0.08210886527093532
-------------------------------------------------------------------------------
wrists,ankle,arm,1:0
Similarity score between ankle and arm is 0.39494410777691075
Similarity score between wrists and arm is 0.4340756835664008
The difference between similarity scores is 0.03913157578949006
-------------------------------------------------------------------------------
cart,truck,wood,1:0
Similarity score between cart and wood is 0.1492318772457308
Similarity score between truck and wood is 0.2345336090305001
The difference between similarity scores is 0.0853017317847693
-------------------------------------------------------------------------------
tortoise,alligator,water,0:1
Similarity score between tortoise and water is 0.12371455670431258
Similarity score between alligator and water is 0.2668766698996543
The difference between similarity scores is 0.14316211319534172
-------------------------------------------------------------------------------
beaver,squirrel,swims,1:0
Similarity score between beaver and swims is 0.1909133484563249
Similarity score between squirrel and swims is 0.12403099137230923
The difference between similarity scores is 0.06688235708401567
-------------------------------------------------------------------------------
tomato,broccoli,round,1:0
Similarity score between broccoli and round is 0.013840427923836031
Similarity score between tomato and round is 0.09271005608468291
The difference between similarity scores is 0.07886962816084689
-------------------------------------------------------------------------------
pipe,plug,round,0:1
Similarity score between pipe and round is 0.01904808183136701
Similarity score between plug and round is 0.07154983758989629
The difference between similarity scores is 0.05250175575852928
-------------------------------------------------------------------------------
marble,brick,round,1:0
Similarity score between marble and round is 0.030335455846620257
Similarity score between brick and round is -0.012997955423589015
The difference between similarity scores is 0.043333411270209274
-------------------------------------------------------------------------------
neck,leg,spine,1:0
Similarity score between neck and spine is 0.5182882138570071
Similarity score between leg and spine is 0.49593318304051476
The difference between similarity scores is 0.022355030816492316
-------------------------------------------------------------------------------
lip,mouth,balm,1:0
Similarity score between mouth and balm is 0.12210121812835674
Similarity score between lip and balm is 0.2507786008043204
The difference between similarity scores is 0.12867738267596368
-------------------------------------------------------------------------------
husband,dad,male,0:1
Similarity score between husband and male is 0.11559765941811624
Similarity score between dad and male is 0.10858941147796221
The difference between similarity scores is 0.007008247940154033
-------------------------------------------------------------------------------
catapult,harpoon,wood,1:0
Similarity score between catapult and wood is 0.07679995445123576
Similarity score between harpoon and wood is 0.19693830745600627
The difference between similarity scores is 0.1201383530047705
-------------------------------------------------------------------------------
cat,coat,eyes,1:0
Similarity score between coat and eyes is 0.2517690080241421
Similarity score between cat and eyes is 0.18126089460820993
The difference between similarity scores is 0.07050811341593216
-------------------------------------------------------------------------------
dagger,razor,sheath,1:0
Similarity score between razor and sheath is 0.34427292810740734
Similarity score between dagger and sheath is 0.2908211252641444
The difference between similarity scores is 0.05345180284326295
-------------------------------------------------------------------------------
polyurethane,polyester,varnish,1:0
Similarity score between polyurethane and varnish is 0.4533603115244966
Similarity score between polyester and varnish is 0.3351937183924949
The difference between similarity scores is 0.11816659313200167
-------------------------------------------------------------------------------
ceiling,window,paint,1:0
Similarity score between window and paint is 0.16867087683223547
Similarity score between ceiling and paint is 0.19390798746387874
The difference between similarity scores is 0.025237110631643273
-------------------------------------------------------------------------------
charcoal,chalk,write,0:1
Similarity score between chalk and write is 0.21639533827579915
Similarity score between charcoal and write is -0.011491185132778045
The difference between similarity scores is 0.2278865234085772
-------------------------------------------------------------------------------
car,taxi,wheels,0:1
Similarity score between taxi and wheels is 0.12747742785537314
Similarity score between car and wheels is 0.385584283327174
The difference between similarity scores is 0.25810685547180084
-------------------------------------------------------------------------------
giraffe,lion,legs,0:1
Similarity score between lion and legs is 0.12248961203014475
Similarity score between giraffe and legs is 0.34245748955552374
The difference between similarity scores is 0.219967877525379
-------------------------------------------------------------------------------
surfboard,sailboat,long,0:1
Similarity score between sailboat and long is 0.09008150510505897
Similarity score between surfboard and long is 0.07014257582312915
The difference between similarity scores is 0.01993892928192982
-------------------------------------------------------------------------------
wife,woman,female,0:1
Similarity score between wife and female is 0.10107607164339268
Similarity score between woman and female is 0.4969047285638524
The difference between similarity scores is 0.39582865692045976
-------------------------------------------------------------------------------
crocodile,eel,legs,1:0
Similarity score between eel and legs is 0.12065731245396136
Similarity score between crocodile and legs is 0.16243668089051774
The difference between similarity scores is 0.041779368436556386
-------------------------------------------------------------------------------
priest,archbishop,parish,1:0
Similarity score between archbishop and parish is 0.47053819813201814
Similarity score between priest and parish is 0.5315438034359529
The difference between similarity scores is 0.06100560530393473
-------------------------------------------------------------------------------
nostrils,mouth,hair,1:0
Similarity score between mouth and hair is 0.25116661617409186
Similarity score between nostrils and hair is 0.3055271962664397
The difference between similarity scores is 0.05436058009234784
-------------------------------------------------------------------------------
priest,bishop,parish,1:0
Similarity score between bishop and parish is 0.5008775654300482
Similarity score between priest and parish is 0.5315438034359529
The difference between similarity scores is 0.030666238005904622
-------------------------------------------------------------------------------
governor,attorney,state,0:1
Similarity score between governor and state is 0.49885997493187384
Similarity score between attorney and state is 0.17336693734470637
The difference between similarity scores is 0.32549303758716747
-------------------------------------------------------------------------------
marble,brick,white,1:0
Similarity score between brick and white is 0.24084660191530077
Similarity score between marble and white is 0.25606445522126464
The difference between similarity scores is 0.015217853305963869
-------------------------------------------------------------------------------
garlic,potato,white,1:0
Similarity score between potato and white is 0.116849210934119
Similarity score between garlic and white is 0.16718840904573132
The difference between similarity scores is 0.05033919811161232
-------------------------------------------------------------------------------
banjo,tuba,wood,1:0
Similarity score between banjo and wood is 0.2293125554649257
Similarity score between tuba and wood is 0.18077868056433632
The difference between similarity scores is 0.048533874900589385
-------------------------------------------------------------------------------
toad,owl,swims,1:0
Similarity score between toad and swims is 0.21918695286303672
Similarity score between owl and swims is 0.14043728097681313
The difference between similarity scores is 0.07874967188622359
-------------------------------------------------------------------------------
spider,ant,eyes,0:1
Similarity score between spider and eyes is 0.1493169724319445
Similarity score between ant and eyes is 0.07290461905741773
The difference between similarity scores is 0.07641235337452677
-------------------------------------------------------------------------------
girl,mother,virgin,1:0
Similarity score between girl and virgin is 0.29122279512816046
Similarity score between mother and virgin is 0.20181047488969095
The difference between similarity scores is 0.08941232023846951
-------------------------------------------------------------------------------
oak,cherry,wood,0:1
Similarity score between cherry and wood is 0.2598181053082252
Similarity score between oak and wood is 0.5848642532766601
The difference between similarity scores is 0.32504614796843495
-------------------------------------------------------------------------------
gown,veil,long,0:1
Similarity score between gown and long is 0.048815951422168054
Similarity score between veil and long is 0.020472330025903766
The difference between similarity scores is 0.028343621396264288
-------------------------------------------------------------------------------
mists,cloud,light,1:0
Similarity score between cloud and light is 0.24338913220413208
Similarity score between mists and light is 0.23945094671614175
The difference between similarity scores is 0.0039381854879903255
-------------------------------------------------------------------------------
knee,ankle,bend,1:0
Similarity score between ankle and bend is 0.16402352975837206
Similarity score between knee and bend is 0.17144492395230718
The difference between similarity scores is 0.007421394193935116
-------------------------------------------------------------------------------
anchor,bolts,large,1:0
Similarity score between bolts and large is 0.0439223356142062
Similarity score between anchor and large is 0.04158786742777445
The difference between similarity scores is 0.0023344681864317512
-------------------------------------------------------------------------------
cabbage,parsley,white,1:0
Similarity score between parsley and white is 0.18726684377514163
Similarity score between cabbage and white is 0.17304232844356254
The difference between similarity scores is 0.01422451533157909
-------------------------------------------------------------------------------
whip,razor,long,1:0
Similarity score between whip and long is 0.0599527471267223
Similarity score between razor and long is 0.09775047334022989
The difference between similarity scores is 0.03779772621350759
-------------------------------------------------------------------------------
giraffe,elephant,legs,0:1
Similarity score between elephant and legs is 0.1275066335205334
Similarity score between giraffe and legs is 0.34245748955552374
The difference between similarity scores is 0.21495085603499034
-------------------------------------------------------------------------------
cockroach,snail,legs,1:0
Similarity score between cockroach and legs is 0.16943222442960407
Similarity score between snail and legs is 0.16177179893470583
The difference between similarity scores is 0.007660425494898232
-------------------------------------------------------------------------------
chicken,peas,legs,1:0
Similarity score between chicken and legs is 0.21619217053052536
Similarity score between peas and legs is 0.15169744879566477
The difference between similarity scores is 0.0644947217348606
-------------------------------------------------------------------------------
grapefruit,celery,pink,1:0
Similarity score between celery and pink is 0.26015304901735453
Similarity score between grapefruit and pink is 0.252336071729177
The difference between similarity scores is 0.00781697728817754
-------------------------------------------------------------------------------
pear,spinach,white,1:0
Similarity score between pear and white is 0.19082667825397384
Similarity score between spinach and white is 0.09126669285497277
The difference between similarity scores is 0.09955998539900107
-------------------------------------------------------------------------------
nightclub,biscuit,sheet,0:1
Similarity score between biscuit and sheet is 0.1924763625872401
Similarity score between nightclub and sheet is 0.028011505856009807
The difference between similarity scores is 0.1644648567312303
-------------------------------------------------------------------------------
banjo,harp,round,1:0
Similarity score between harp and round is -4.855017891681378E-4
Similarity score between banjo and round is 0.06542039709573923
The difference between similarity scores is 0.06590589888490736
-------------------------------------------------------------------------------
bladder,liver,urine,1:0
Similarity score between liver and urine is 0.3757788907579329
Similarity score between bladder and urine is 0.4376755552013034
The difference between similarity scores is 0.0618966644433705
-------------------------------------------------------------------------------
arm,hand,band,1:0
Similarity score between arm and band is 0.03611500739281889
Similarity score between hand and band is 0.0046041004246956995
The difference between similarity scores is 0.03151090696812319
-------------------------------------------------------------------------------
angle,curve,sharp,1:0
Similarity score between angle and sharp is 0.21874778152736057
Similarity score between curve and sharp is 0.2594381870322881
The difference between similarity scores is 0.04069040550492753
-------------------------------------------------------------------------------
wire,coil,metal,0:1
Similarity score between wire and metal is 0.3105337525041413
Similarity score between coil and metal is 0.38267038956196453
The difference between similarity scores is 0.07213663705782325
-------------------------------------------------------------------------------
prisons,jail,convict,0:1
Similarity score between prisons and convict is 0.304572017915777
Similarity score between jail and convict is 0.4838310763054595
The difference between similarity scores is 0.17925905838968254
-------------------------------------------------------------------------------
mammals,bird,milk,1:0
Similarity score between bird and milk is 0.08405758341879005
Similarity score between mammals and milk is 0.12221259929115119
The difference between similarity scores is 0.03815501587236114
-------------------------------------------------------------------------------
aluminium,glass,windows,0:1
Similarity score between aluminium and windows is 0.0
Similarity score between glass and windows is 0.46284806816291796
The difference between similarity scores is 0.46284806816291796
-------------------------------------------------------------------------------
albums,music,picture,1:0
Similarity score between music and picture is 0.08947607936222719
Similarity score between albums and picture is 0.1282869212863849
The difference between similarity scores is 0.038810841924157694
-------------------------------------------------------------------------------
mushroom,salmon,forest,1:0
Similarity score between salmon and forest is 0.2700985121567624
Similarity score between mushroom and forest is 0.29234177196449856
The difference between similarity scores is 0.02224325980773617
-------------------------------------------------------------------------------
honeydew,pineapple,round,1:0
Similarity score between honeydew and round is 0.04846903769133305
Similarity score between pineapple and round is 0.08684838920873791
The difference between similarity scores is 0.03837935151740486
-------------------------------------------------------------------------------
hammer,scissors,wood,1:0
Similarity score between hammer and wood is 0.2349942662392381
Similarity score between scissors and wood is 0.24087892812788056
The difference between similarity scores is 0.005884661888642451
-------------------------------------------------------------------------------
donkey,rabbit,hooves,1:0
Similarity score between rabbit and hooves is 0.3271739161315266
Similarity score between donkey and hooves is 0.3937543418362763
The difference between similarity scores is 0.0665804257047497
-------------------------------------------------------------------------------
gun,shotgun,shoots,0:1
Similarity score between shotgun and shoots is 0.2278656650154491
Similarity score between gun and shoots is 0.24255862781370685
The difference between similarity scores is 0.014692962798257742
-------------------------------------------------------------------------------
salad,bacon,green,1:0
Similarity score between bacon and green is 0.1336959057238641
Similarity score between salad and green is 0.24096227235675413
The difference between similarity scores is 0.10726636663289002
-------------------------------------------------------------------------------
chicken,spinach,legs,1:0
Similarity score between chicken and legs is 0.21619217053052536
Similarity score between spinach and legs is 0.10835849167826246
The difference between similarity scores is 0.1078336788522629
-------------------------------------------------------------------------------
scripture,bible,religion,0:1
Similarity score between scripture and religion is 0.5159401690429751
Similarity score between bible and religion is 0.3180580204626468
The difference between similarity scores is 0.19788214858032832
-------------------------------------------------------------------------------
clarinet,harp,long,1:0
Similarity score between harp and long is 0.011526125340505032
Similarity score between clarinet and long is -0.007177482641145439
The difference between similarity scores is 0.01870360798165047
-------------------------------------------------------------------------------
graduates,student,human,0:1
Similarity score between graduates and human is 0.03206380517792774
Similarity score between student and human is 0.1900689942418752
The difference between similarity scores is 0.15800518906394745
-------------------------------------------------------------------------------
cloak,vest,long,1:0
Similarity score between vest and long is 0.0426503391336893
Similarity score between cloak and long is 0.0854142302431573
The difference between similarity scores is 0.042763891109467995
-------------------------------------------------------------------------------
hen,geese,clucks,1:0
Similarity score between hen and clucks is 0.3952389043251484
Similarity score between geese and clucks is 0.30722783254045893
The difference between similarity scores is 0.08801107178468948
-------------------------------------------------------------------------------
vegetable,meat,green,1:0
Similarity score between meat and green is 0.10717526819825206
Similarity score between vegetable and green is 0.2138715873435324
The difference between similarity scores is 0.10669631914528034
-------------------------------------------------------------------------------
soya,cereal,bean,1:0
Similarity score between soya and bean is 0.42053532226784446
Similarity score between cereal and bean is 0.44110436317186447
The difference between similarity scores is 0.02056904090402001
-------------------------------------------------------------------------------
slag,charcoal,material,0:1
Similarity score between slag and material is 0.33996515937182487
Similarity score between charcoal and material is 0.20945489316351854
The difference between similarity scores is 0.13051026620830633
-------------------------------------------------------------------------------
harpoon,bazooka,long,0:1
Similarity score between bazooka and long is 0.08208178135206948
Similarity score between harpoon and long is 0.05157185775312942
The difference between similarity scores is 0.03050992359894006
-------------------------------------------------------------------------------
dish,asparagus,round,1:0
Similarity score between dish and round is 0.05579940643502906
Similarity score between asparagus and round is 0.06295191621432535
The difference between similarity scores is 0.0071525097792962886
-------------------------------------------------------------------------------
cider,whiskey,drink,0:1
Similarity score between cider and drink is 0.4592722864963799
Similarity score between whiskey and drink is 0.517253098083476
The difference between similarity scores is 0.05798081158709606
-------------------------------------------------------------------------------
spear,hammer,long,1:0
Similarity score between spear and long is 0.11557787387827216
Similarity score between hammer and long is 0.021798163032738554
The difference between similarity scores is 0.0937797108455336
-------------------------------------------------------------------------------
tangerine,cranberry,round,0:1
Similarity score between cranberry and round is 0.002338196930093664
Similarity score between tangerine and round is 0.041011772751803253
The difference between similarity scores is 0.03867357582170959
-------------------------------------------------------------------------------
pianist,composer,interprets,1:0
Similarity score between composer and interprets is 0.18073693360379864
Similarity score between pianist and interprets is 0.16449535710896898
The difference between similarity scores is 0.016241576494829657
-------------------------------------------------------------------------------
barrister,lawyer,court,0:1
Similarity score between barrister and court is 0.32399318797286625
Similarity score between lawyer and court is 0.42873251772420873
The difference between similarity scores is 0.10473932975134248
-------------------------------------------------------------------------------
psychiatrist,physician,madmen,1:0
Similarity score between psychiatrist and madmen is 0.1415989839571882
Similarity score between physician and madmen is 0.01970166290422951
The difference between similarity scores is 0.1218973210529587
-------------------------------------------------------------------------------
tomato,asparagus,round,1:0
Similarity score between asparagus and round is 0.06295191621432535
Similarity score between tomato and round is 0.09271005608468291
The difference between similarity scores is 0.029758139870357567
-------------------------------------------------------------------------------
writer,lawyer,write,0:1
Similarity score between lawyer and write is 0.07010940830912339
Similarity score between writer and write is 0.35933492145187895
The difference between similarity scores is 0.2892255131427556
-------------------------------------------------------------------------------
elbow,hip,sharp,1:0
Similarity score between elbow and sharp is 0.19903930412547105
Similarity score between hip and sharp is 0.15665748236962468
The difference between similarity scores is 0.04238182175584637
-------------------------------------------------------------------------------
fridge,microwave,large,1:0
Similarity score between microwave and large is 0.07073068405885298
Similarity score between fridge and large is 0.02902723490989
The difference between similarity scores is 0.041703449148962984
-------------------------------------------------------------------------------
moose,mink,hooves,1:0
Similarity score between mink and hooves is 0.24994479231705227
Similarity score between moose and hooves is 0.30640396678688314
The difference between similarity scores is 0.05645917446983087
-------------------------------------------------------------------------------
banker,lawyer,finances,1:0
Similarity score between banker and finances is 0.1721531136366405
Similarity score between lawyer and finances is 0.16092822349495792
The difference between similarity scores is 0.01122489014168257
-------------------------------------------------------------------------------
spider,cockroach,legs,0:1
Similarity score between cockroach and legs is 0.16943222442960407
Similarity score between spider and legs is 0.2507635317082879
The difference between similarity scores is 0.08133130727868385
-------------------------------------------------------------------------------
belfry,oriole,apartment,0:1
Similarity score between oriole and apartment is 0.03924500185386944
Similarity score between belfry and apartment is 0.23682678639773802
The difference between similarity scores is 0.19758178454386857
-------------------------------------------------------------------------------
pear,avocado,white,1:0
Similarity score between avocado and white is 0.2109101066204057
Similarity score between pear and white is 0.19082667825397384
The difference between similarity scores is 0.02008342836643187
-------------------------------------------------------------------------------
cousin,uncle,female,1:0
Similarity score between uncle and female is 0.005401904658086632
Similarity score between cousin and female is 0.09897720295169528
The difference between similarity scores is 0.09357529829360865
-------------------------------------------------------------------------------
album,music,photo,1:0
Similarity score between album and photo is 0.1267830348136948
Similarity score between music and photo is 0.1064187850414885
The difference between similarity scores is 0.0203642497722063
-------------------------------------------------------------------------------
hygienist,orthodontist,patient,0:1
Similarity score between hygienist and patient is 0.36916915787681887
Similarity score between orthodontist and patient is 0.21814625718576686
The difference between similarity scores is 0.151022900691052
-------------------------------------------------------------------------------
nerve,bone,anatomy,0:1
Similarity score between bone and anatomy is 0.32698478605165343
Similarity score between nerve and anatomy is 0.12263194388556291
The difference between similarity scores is 0.2043528421660905
-------------------------------------------------------------------------------
cloud,rain,grey,1:0
Similarity score between rain and grey is 0.0
Similarity score between cloud and grey is 0.0
The difference between similarity scores is 0.0
-------------------------------------------------------------------------------
skirt,jacket,long,0:1
Similarity score between jacket and long is 0.05250379595737046
Similarity score between skirt and long is 0.08650990094822489
The difference between similarity scores is 0.03400610499085443
-------------------------------------------------------------------------------
gun,bomb,kill,0:1
Similarity score between gun and kill is 0.26279364831356894
Similarity score between bomb and kill is 0.21895583980462416
The difference between similarity scores is 0.04383780850894478
-------------------------------------------------------------------------------
dove,hawk,white,1:0
Similarity score between hawk and white is 0.12967253543877216
Similarity score between dove and white is 0.20164631813873427
The difference between similarity scores is 0.0719737826999621
-------------------------------------------------------------------------------
banker,raisin,wicker,0:1
Similarity score between banker and wicker is 0.06379881247694907
Similarity score between raisin and wicker is 0.20435269165275557
The difference between similarity scores is 0.1405538791758065
-------------------------------------------------------------------------------
cigars,tobacco,nicotine,0:1
Similarity score between cigars and nicotine is 0.24893506212519864
Similarity score between tobacco and nicotine is 0.47060140635526165
The difference between similarity scores is 0.221666344230063
-------------------------------------------------------------------------------
pastries,breakfast,sweet,0:1
Similarity score between pastries and sweet is 0.3389940022129622
Similarity score between breakfast and sweet is 0.18502689687960722
The difference between similarity scores is 0.153967105333355
-------------------------------------------------------------------------------
fingers,nose,flexible,1:0
Similarity score between fingers and flexible is 0.03854090069643924
Similarity score between nose and flexible is -0.0063831832205508395
The difference between similarity scores is 0.044924083916990085
-------------------------------------------------------------------------------
brush,chocolate,chicken,0:1
Similarity score between brush and chicken is 0.12236812540401913
Similarity score between chocolate and chicken is 0.30734492241232764
The difference between similarity scores is 0.1849767970083085
-------------------------------------------------------------------------------
pelican,swan,large,0:1
Similarity score between pelican and large is 0.08872595909388775
Similarity score between swan and large is 0.09537525016217929
The difference between similarity scores is 0.006649291068291541
-------------------------------------------------------------------------------
toe,ankle,foot,0:1
Similarity score between toe and foot is 0.4025879411429749
Similarity score between ankle and foot is 0.42430656660387917
The difference between similarity scores is 0.02171862546090425
-------------------------------------------------------------------------------
granddaughter,aunt,kid,1:0
Similarity score between granddaughter and kid is 0.35159493313607326
Similarity score between aunt and kid is 0.3942886501515335
The difference between similarity scores is 0.042693717015460264
-------------------------------------------------------------------------------
fingers,cheek,bones,1:0
Similarity score between fingers and bones is 0.3289926994382882
Similarity score between cheek and bones is 0.2500313591098404
The difference between similarity scores is 0.07896134032844776
-------------------------------------------------------------------------------
turnip,cucumber,white,1:0
Similarity score between turnip and white is 0.1973025150322914
Similarity score between cucumber and white is 0.17172418725928432
The difference between similarity scores is 0.025578327773007087
-------------------------------------------------------------------------------
balloon,kite,round,1:0
Similarity score between balloon and round is 0.03572927868821079
Similarity score between kite and round is 0.06646026482705111
The difference between similarity scores is 0.030730986138840323
-------------------------------------------------------------------------------
wheelbarrow,tractor,wood,1:0
Similarity score between tractor and wood is 0.22004683455131194
Similarity score between wheelbarrow and wood is 0.1721605464129384
The difference between similarity scores is 0.047886288138373534
-------------------------------------------------------------------------------
basket,bouquet,wicker,1:0
Similarity score between bouquet and wicker is 0.2114744173530322
Similarity score between basket and wicker is 0.2395293348466646
The difference between similarity scores is 0.028054917493632398
-------------------------------------------------------------------------------
venison,steak,cook,0:1
Similarity score between steak and cook is 0.4480894122655444
Similarity score between venison and cook is 0.2859346976014184
The difference between similarity scores is 0.162154714664126
-------------------------------------------------------------------------------
estuary,river,water,0:1
Similarity score between estuary and water is 0.4226757293207628
Similarity score between river and water is 0.5768983335578924
The difference between similarity scores is 0.15422260423712963
-------------------------------------------------------------------------------
uncle,hose,racks,0:1
Similarity score between hose and racks is 0.22209652631930413
Similarity score between uncle and racks is -0.01352095618442607
The difference between similarity scores is 0.23561748250373019
-------------------------------------------------------------------------------
lips,nose,lipstick,1:0
Similarity score between nose and lipstick is 0.29849049719877163
Similarity score between lips and lipstick is 0.3820242536282048
The difference between similarity scores is 0.08353375642943317
-------------------------------------------------------------------------------
mars,moon,rotate,0:1
Similarity score between mars and rotate is 0.009248955755330248
Similarity score between moon and rotate is 0.1657895364833874
The difference between similarity scores is 0.15654058072805715
-------------------------------------------------------------------------------
finch,bedding,fly,1:0
Similarity score between finch and fly is 0.14982951942075523
Similarity score between bedding and fly is 0.0493390520908771
The difference between similarity scores is 0.10049046732987812
-------------------------------------------------------------------------------
pork,bacon,meat,0:1
Similarity score between pork and meat is 0.7186976882795683
Similarity score between bacon and meat is 0.5192578806893183
The difference between similarity scores is 0.19943980759024993
-------------------------------------------------------------------------------
rum,liquor,sugarcane,1:0
Similarity score between rum and sugarcane is 0.33522960185230855
Similarity score between liquor and sugarcane is 0.2261471881047901
The difference between similarity scores is 0.10908241374751845
-------------------------------------------------------------------------------
shore,lake,sand,1:0
Similarity score between shore and sand is 0.298022649588409
Similarity score between lake and sand is 0.36299690908874294
The difference between similarity scores is 0.06497425950033392
-------------------------------------------------------------------------------
beetle,snail,legs,1:0
Similarity score between snail and legs is 0.16177179893470583
Similarity score between beetle and legs is 0.08169519913788674
The difference between similarity scores is 0.0800765997968191
-------------------------------------------------------------------------------
sword,knife,sheath,1:0
Similarity score between sword and sheath is 0.36524215771509605
Similarity score between knife and sheath is 0.3397535790691725
The difference between similarity scores is 0.025488578645923576
-------------------------------------------------------------------------------
birch,pine,bark,0:1
Similarity score between pine and bark is 0.435685966044477
Similarity score between birch and bark is 0.45119576425355834
The difference between similarity scores is 0.015509798209081327
-------------------------------------------------------------------------------
sword,gun,cuts,1:0
Similarity score between sword and cuts is 0.1016034467319457
Similarity score between gun and cuts is 0.04595784005218242
The difference between similarity scores is 0.05564560667976328
-------------------------------------------------------------------------------
motel,guesthouse,road,1:0
Similarity score between guesthouse and road is 0.11203694084772317
Similarity score between motel and road is 0.09996387620938305
The difference between similarity scores is 0.012073064638340125
-------------------------------------------------------------------------------
fingers,neck,strangle,0:1
Similarity score between neck and strangle is 0.30825108498770126
Similarity score between fingers and strangle is 0.15674042281266753
The difference between similarity scores is 0.15151066217503373
-------------------------------------------------------------------------------
camel,hyena,large,1:0
Similarity score between hyena and large is 0.035999451936937564
Similarity score between camel and large is 0.11989093400304367
The difference between similarity scores is 0.08389148206610611
-------------------------------------------------------------------------------
child,adult,innocent,1:0
Similarity score between adult and innocent is 0.16742667856367707
Similarity score between child and innocent is 0.1881935923976903
The difference between similarity scores is 0.020766913834013218
-------------------------------------------------------------------------------
neck,throat,cut,0:1
Similarity score between throat and cut is 0.19787547265444289
Similarity score between neck and cut is 0.19332946910590915
The difference between similarity scores is 0.004546003548533739
-------------------------------------------------------------------------------
bone,liver,tissue,0:1
Similarity score between liver and tissue is 0.5255877986957435
Similarity score between bone and tissue is 0.5162275377394715
The difference between similarity scores is 0.00936026095627196
-------------------------------------------------------------------------------
neck,body,cylindrical,1:0
Similarity score between body and cylindrical is 0.1409127062784649
Similarity score between neck and cylindrical is 0.16482576125465526
The difference between similarity scores is 0.023913054976190368
-------------------------------------------------------------------------------
froth,bubble,dense,1:0
Similarity score between bubble and dense is 0.15863948395379815
Similarity score between froth and dense is 0.20993670935783953
The difference between similarity scores is 0.051297225404041386
-------------------------------------------------------------------------------
actor,actress,male,1:0
Similarity score between actress and male is 0.1807948110476417
Similarity score between actor and male is 0.2060590831158589
The difference between similarity scores is 0.025264272068217214
-------------------------------------------------------------------------------
pews,aisle,parish,0:1
Similarity score between pews and parish is 0.4054399884930283
Similarity score between aisle and parish is 0.07795014404472451
The difference between similarity scores is 0.3274898444483038
-------------------------------------------------------------------------------
nave,steeple,large,1:0
Similarity score between steeple and large is 0.0570386023020915
Similarity score between nave and large is 0.12933417103470893
The difference between similarity scores is 0.07229556873261743
-------------------------------------------------------------------------------
fingernail,nail,fingers,0:1
Similarity score between fingernail and fingers is 0.512775311719794
Similarity score between nail and fingers is 0.25897141487654995
The difference between similarity scores is 0.253803896843244
-------------------------------------------------------------------------------
shrubs,flower,green,1:0
Similarity score between flower and green is 0.25894788826417237
Similarity score between shrubs and green is 0.21075555765400172
The difference between similarity scores is 0.04819233061017064
-------------------------------------------------------------------------------
lips,tongue,open,1:0
Similarity score between tongue and open is -0.018329815041119128
Similarity score between lips and open is 0.07833873546071085
The difference between similarity scores is 0.09666855050182999
-------------------------------------------------------------------------------
school,college,educators,0:1
Similarity score between school and educators is 0.43917852182720496
Similarity score between college and educators is 0.27296136764545603
The difference between similarity scores is 0.16621715418174893
-------------------------------------------------------------------------------
room,floor,large,1:0
Similarity score between floor and large is 0.08916543734311104
Similarity score between room and large is 0.14602668937682012
The difference between similarity scores is 0.05686125203370908
-------------------------------------------------------------------------------
garlic,avocado,white,1:0
Similarity score between garlic and white is 0.16718840904573132
Similarity score between avocado and white is 0.2109101066204057
The difference between similarity scores is 0.043721697574674395
-------------------------------------------------------------------------------
stick,ball,bark,1:0
Similarity score between ball and bark is 0.1425934010457412
Similarity score between stick and bark is 0.1912917339311545
The difference between similarity scores is 0.04869833288541331
-------------------------------------------------------------------------------
cantaloupe,asparagus,round,1:0
Similarity score between asparagus and round is 0.06295191621432535
Similarity score between cantaloupe and round is 0.043997419209254804
The difference between similarity scores is 0.018954497005070542
-------------------------------------------------------------------------------
grooms,bride,marry,0:1
Similarity score between grooms and marry is 0.2786679272089069
Similarity score between bride and marry is 0.5383253070773014
The difference between similarity scores is 0.25965737986839454
-------------------------------------------------------------------------------
spider,rabbit,eyes,0:1
Similarity score between rabbit and eyes is 0.14407075772410272
Similarity score between spider and eyes is 0.1493169724319445
The difference between similarity scores is 0.005246214707841784
-------------------------------------------------------------------------------
livestock,cattle,chicken,1:0
Similarity score between livestock and chicken is 0.3640183068980506
Similarity score between cattle and chicken is 0.38851327582873413
The difference between similarity scores is 0.024494968930683536
-------------------------------------------------------------------------------
transept,aisle,building,0:1
Similarity score between transept and building is 0.2369389367169589
Similarity score between aisle and building is 0.08611020935960813
The difference between similarity scores is 0.15082872735735076
-------------------------------------------------------------------------------
