Log for W2VGNewsHybrid40 of discriminative attribute detection model
logged on 30/01/2018 06:01:36
-------------------------------------------------------------------------------
sandwiches,breakfast,lunch,1:0
Similarity score between breakfast and lunch is 0.698990951102691
Similarity score between sandwiches and lunch is 0.5266826049339753
The difference between similarity scores is 0.1723083461687157
-------------------------------------------------------------------------------
banana,cucumber,long,0:1
-------------------------------------------------------------------------------
lambs,cattle,wool,1:0
Similarity score between cattle and wool is 0.36511527283622486
Similarity score between lambs and wool is 0.4405668618678399
The difference between similarity scores is 0.07545158903161503
-------------------------------------------------------------------------------
shrimp,spinach,pink,1:0
Similarity score between spinach and pink is 0.18101781476874035
Similarity score between shrimp and pink is 0.19989417737362697
The difference between similarity scores is 0.01887636260488662
-------------------------------------------------------------------------------
garage,brick,large,1:0
Similarity score between garage and large is 0.06285899411368108
Similarity score between brick and large is 0.13882626887165692
The difference between similarity scores is 0.07596727475797584
-------------------------------------------------------------------------------
walkway,alley,walk,0:1
-------------------------------------------------------------------------------
teeth,tongue,white,1:0
Similarity score between tongue and white is 0.11022254367846511
Similarity score between teeth and white is 0.13214712035410164
The difference between similarity scores is 0.021924576675636534
-------------------------------------------------------------------------------
cop,soldier,civilian,1:0
Similarity score between cop and civilian is 0.18594636691198596
Similarity score between soldier and civilian is 0.31748278357419873
The difference between similarity scores is 0.13153641666221277
-------------------------------------------------------------------------------
broom,peacock,long,0:1
-------------------------------------------------------------------------------
elbow,finger,arm,0:1
-------------------------------------------------------------------------------
owl,buzzard,eyes,0:1
-------------------------------------------------------------------------------
adults,child,grownup,1:0
Similarity score between adults and grownup is 0.38704625721476066
Similarity score between child and grownup is 0.36797920994127276
The difference between similarity scores is 0.019067047273487903
-------------------------------------------------------------------------------
educator,lawyer,teaches,1:0
Similarity score between educator and teaches is 0.3977829613317585
Similarity score between lawyer and teaches is 0.1721529103081807
The difference between similarity scores is 0.2256300510235778
-------------------------------------------------------------------------------
herbs,root,green,1:0
Similarity score between herbs and green is 0.15372259901699797
Similarity score between root and green is 0.1509143020487477
The difference between similarity scores is 0.0028082969682502734
-------------------------------------------------------------------------------
sledgehammer,axe,long,0:1
-------------------------------------------------------------------------------
canyon,valley,deep,0:1
-------------------------------------------------------------------------------
pig,sheep,pink,1:0
Similarity score between pig and pink is 0.19248641316807782
Similarity score between sheep and pink is 0.11165854474357206
The difference between similarity scores is 0.08082786842450576
-------------------------------------------------------------------------------
professor,author,teaches,1:0
Similarity score between professor and teaches is 0.5332526510517017
Similarity score between author and teaches is 0.2976993152592814
The difference between similarity scores is 0.23555333579242033
-------------------------------------------------------------------------------
tuna,asparagus,swims,1:0
Similarity score between asparagus and swims is 0.11161908478977467
Similarity score between tuna and swims is 0.20258880634087814
The difference between similarity scores is 0.09096972155110347
-------------------------------------------------------------------------------
olive,peas,oil,1:0
Similarity score between olive and oil is 0.20867656812159288
Similarity score between peas and oil is 0.12489215189436202
The difference between similarity scores is 0.08378441622723086
-------------------------------------------------------------------------------
shoulder,leg,arm,1:0
Similarity score between shoulder and arm is 0.5259955250932896
Similarity score between leg and arm is 0.5505544358637441
The difference between similarity scores is 0.024558910770454467
-------------------------------------------------------------------------------
beaver,mink,wood,1:0
Similarity score between mink and wood is 0.15089508178789382
Similarity score between beaver and wood is 0.2030099234619774
The difference between similarity scores is 0.05211484167408359
-------------------------------------------------------------------------------
crocodile,dolphin,long,0:1
-------------------------------------------------------------------------------
salamander,alligator,water,0:1
-------------------------------------------------------------------------------
buggy,wheelbarrow,wheels,0:1
-------------------------------------------------------------------------------
crocodile,elephant,swims,1:0
Similarity score between elephant and swims is 0.043897392669363454
Similarity score between crocodile and swims is 0.24714209182864263
The difference between similarity scores is 0.20324469915927917
-------------------------------------------------------------------------------
broom,pine,long,0:1
-------------------------------------------------------------------------------
fog,snow,weather,0:1
-------------------------------------------------------------------------------
basket,bag,wicker,1:0
Similarity score between basket and wicker is 0.2395293348466646
Similarity score between bag and wicker is 0.2155466809695416
The difference between similarity scores is 0.023982653877123006
-------------------------------------------------------------------------------
frog,snail,legs,1:0
Similarity score between snail and legs is 0.16177179893470583
Similarity score between frog and legs is 0.20048803665198592
The difference between similarity scores is 0.03871623771728008
-------------------------------------------------------------------------------
juice,sugar,orange,1:0
Similarity score between juice and orange is 0.3335988960869773
Similarity score between sugar and orange is 0.2501065884983682
The difference between similarity scores is 0.0834923075886091
-------------------------------------------------------------------------------
daughters,princess,poor,1:0
Similarity score between daughters and poor is 0.059293154562249636
Similarity score between princess and poor is 0.0301556536634076
The difference between similarity scores is 0.029137500898842036
-------------------------------------------------------------------------------
skyscraper,apartment,large,1:0
Similarity score between apartment and large is 0.06819025763791604
Similarity score between skyscraper and large is 0.039380336619967364
The difference between similarity scores is 0.02880992101794868
-------------------------------------------------------------------------------
sausage,bacon,rounded,1:0
Similarity score between bacon and rounded is 0.06879148817651383
Similarity score between sausage and rounded is 0.07180942500995575
The difference between similarity scores is 0.0030179368334419254
-------------------------------------------------------------------------------
yacht,canoe,large,1:0
Similarity score between canoe and large is 0.030708474416607262
Similarity score between yacht and large is 0.07205047046278973
The difference between similarity scores is 0.041341996046182466
-------------------------------------------------------------------------------
eyebrow,brow,hair,1:0
Similarity score between eyebrow and hair is 0.40576339772360837
Similarity score between brow and hair is 0.42233150556327187
The difference between similarity scores is 0.016568107839663504
-------------------------------------------------------------------------------
walrus,caribou,swims,1:0
Similarity score between walrus and swims is 0.21420919828841947
Similarity score between caribou and swims is 0.0788839276298328
The difference between similarity scores is 0.13532527065858668
-------------------------------------------------------------------------------
knee,neck,pads,1:0
Similarity score between neck and pads is 0.19472087797983584
Similarity score between knee and pads is 0.2798590840839282
The difference between similarity scores is 0.08513820610409234
-------------------------------------------------------------------------------
chicken,bread,legs,1:0
Similarity score between chicken and legs is 0.21619217053052536
Similarity score between bread and legs is 0.16944840439208148
The difference between similarity scores is 0.04674376613844389
-------------------------------------------------------------------------------
shrimp,asparagus,swims,1:0
Similarity score between asparagus and swims is 0.11161908478977467
Similarity score between shrimp and swims is 0.18360412436546944
The difference between similarity scores is 0.07198503957569477
-------------------------------------------------------------------------------
pelican,turtle,large,0:1
-------------------------------------------------------------------------------
ox,hyena,large,1:0
Similarity score between ox and large is 0.06312775501593035
Similarity score between hyena and large is 0.035999451936937564
The difference between similarity scores is 0.027128303078992784
-------------------------------------------------------------------------------
basket,tray,wicker,1:0
Similarity score between tray and wicker is 0.2939198002654916
Similarity score between basket and wicker is 0.2395293348466646
The difference between similarity scores is 0.05439046541882697
-------------------------------------------------------------------------------
whip,brush,long,1:0
Similarity score between whip and long is 0.0599527471267223
Similarity score between brush and long is 0.04187319174733539
The difference between similarity scores is 0.018079555379386908
-------------------------------------------------------------------------------
co-star,actress,movie,0:1
-------------------------------------------------------------------------------
politician,nationalist,politics,0:1
-------------------------------------------------------------------------------
chest,neck,large,1:0
Similarity score between chest and large is 0.028453304773688435
Similarity score between neck and large is 0.056540149638236205
The difference between similarity scores is 0.02808684486454777
-------------------------------------------------------------------------------
plate,gynaecologist,act,0:1
-------------------------------------------------------------------------------
news,newspaper,tv,1:0
Similarity score between news and tv is 0.2879937507877246
Similarity score between newspaper and tv is 0.17470067699766986
The difference between similarity scores is 0.11329307379005474
-------------------------------------------------------------------------------
fabrics,linen,wool,1:0
Similarity score between linen and wool is 0.4462108824247263
Similarity score between fabrics and wool is 0.5402630769234534
The difference between similarity scores is 0.09405219449872715
-------------------------------------------------------------------------------
oven,freezer,kitchen,0:1
-------------------------------------------------------------------------------
desk,toilet,legs,1:0
Similarity score between desk and legs is 0.17676242369520354
Similarity score between toilet and legs is 0.14488026498407558
The difference between similarity scores is 0.031882158711127956
-------------------------------------------------------------------------------
face,body,hair,0:1
-------------------------------------------------------------------------------
pelican,turtle,white,1:0
Similarity score between turtle and white is 0.12369996236497025
Similarity score between pelican and white is 0.20048401773327815
The difference between similarity scores is 0.0767840553683079
-------------------------------------------------------------------------------
sweater,shirt,wool,1:0
Similarity score between shirt and wool is 0.2773538384945374
Similarity score between sweater and wool is 0.35806471475488194
The difference between similarity scores is 0.08071087626034457
-------------------------------------------------------------------------------
frog,cow,jumps,1:0
Similarity score between cow and jumps is 0.11753209012902346
Similarity score between frog and jumps is 0.1731174370669658
The difference between similarity scores is 0.05558534693794234
-------------------------------------------------------------------------------
cots,crib,camp,1:0
Similarity score between cots and camp is 0.15373431748854727
Similarity score between crib and camp is 0.0516850910746752
The difference between similarity scores is 0.10204922641387207
-------------------------------------------------------------------------------
chicken,cucumber,legs,1:0
Similarity score between chicken and legs is 0.21619217053052536
Similarity score between cucumber and legs is 0.2125619079121129
The difference between similarity scores is 0.0036302626184124553
-------------------------------------------------------------------------------
osteopath,dentist,bones,1:0
Similarity score between dentist and bones is 0.12355460353045312
Similarity score between osteopath and bones is 0.12522871221684134
The difference between similarity scores is 0.0016741086863882176
-------------------------------------------------------------------------------
beets,garlic,round,1:0
Similarity score between beets and round is 0.02569497755542915
Similarity score between garlic and round is -0.023584391933145425
The difference between similarity scores is 0.04927936948857457
-------------------------------------------------------------------------------
copper,slingshot,skin,0:1
-------------------------------------------------------------------------------
father,prince,man,0:1
-------------------------------------------------------------------------------
computers,machine,keyboard,1:0
Similarity score between computers and keyboard is 0.2741275945223517
Similarity score between machine and keyboard is 0.26093172162254125
The difference between similarity scores is 0.013195872899810446
-------------------------------------------------------------------------------
fort,camp,cannons,1:0
Similarity score between fort and cannons is 0.37561518994166737
Similarity score between camp and cannons is 0.09340489429611033
The difference between similarity scores is 0.28221029564555705
-------------------------------------------------------------------------------
grape,vine,round,1:0
Similarity score between grape and round is 0.07224850514287903
Similarity score between vine and round is 0.06340082748209606
The difference between similarity scores is 0.008847677660782968
-------------------------------------------------------------------------------
professor,chief,teach,1:0
Similarity score between professor and teach is 0.264395606432666
Similarity score between chief and teach is 0.0364799390597068
The difference between similarity scores is 0.2279156673729592
-------------------------------------------------------------------------------
mouse,squirrel,house,1:0
Similarity score between mouse and house is 0.08120987234167247
Similarity score between squirrel and house is 0.16700041061058857
The difference between similarity scores is 0.0857905382689161
-------------------------------------------------------------------------------
physiotherapist,nurse,muscles,1:0
Similarity score between physiotherapist and muscles is 0.29187897109771155
Similarity score between nurse and muscles is 0.04349450324274496
The difference between similarity scores is 0.2483844678549666
-------------------------------------------------------------------------------
cucumber,eggplant,long,0:1
-------------------------------------------------------------------------------
wrists,ankle,arm,1:0
Similarity score between ankle and arm is 0.39494410777691075
Similarity score between wrists and arm is 0.4340756835664008
The difference between similarity scores is 0.03913157578949006
-------------------------------------------------------------------------------
squid,garlic,swims,1:0
Similarity score between garlic and swims is 0.07409342200963805
Similarity score between squid and swims is 0.2927391399145589
The difference between similarity scores is 0.21864571790492088
-------------------------------------------------------------------------------
sword,stick,sheath,1:0
Similarity score between stick and sheath is 0.18408879752766327
Similarity score between sword and sheath is 0.36524215771509605
The difference between similarity scores is 0.18115336018743278
-------------------------------------------------------------------------------
cart,truck,wood,1:0
Similarity score between cart and wood is 0.1492318772457308
Similarity score between truck and wood is 0.2345336090305001
The difference between similarity scores is 0.0853017317847693
-------------------------------------------------------------------------------
oat,cereal,horses,1:0
Similarity score between oat and horses is 0.21499820609853965
Similarity score between cereal and horses is 0.08072401390415304
The difference between similarity scores is 0.1342741921943866
-------------------------------------------------------------------------------
beaver,squirrel,swims,1:0
Similarity score between beaver and swims is 0.1909133484563249
Similarity score between squirrel and swims is 0.12403099137230923
The difference between similarity scores is 0.06688235708401567
-------------------------------------------------------------------------------
neck,mouth,spine,1:0
Similarity score between mouth and spine is 0.25118164944715354
Similarity score between neck and spine is 0.5182882138570071
The difference between similarity scores is 0.26710656440985353
-------------------------------------------------------------------------------
tomato,broccoli,round,1:0
Similarity score between tomato and round is 0.09271005608468291
Similarity score between broccoli and round is 0.013840427923836031
The difference between similarity scores is 0.07886962816084689
-------------------------------------------------------------------------------
pipe,plug,round,0:1
-------------------------------------------------------------------------------
marble,brick,round,1:0
Similarity score between marble and round is 0.030335455846620257
Similarity score between brick and round is -0.012997955423589015
The difference between similarity scores is 0.043333411270209274
-------------------------------------------------------------------------------
neck,leg,spine,1:0
Similarity score between neck and spine is 0.5182882138570071
Similarity score between leg and spine is 0.49593318304051476
The difference between similarity scores is 0.022355030816492316
-------------------------------------------------------------------------------
lip,mouth,balm,1:0
Similarity score between lip and balm is 0.2507786008043204
Similarity score between mouth and balm is 0.12210121812835674
The difference between similarity scores is 0.12867738267596368
-------------------------------------------------------------------------------
husband,dad,male,0:1
-------------------------------------------------------------------------------
catapult,harpoon,wood,1:0
Similarity score between catapult and wood is 0.07679995445123576
Similarity score between harpoon and wood is 0.19693830745600627
The difference between similarity scores is 0.1201383530047705
-------------------------------------------------------------------------------
pants,gown,legs,1:0
Similarity score between gown and legs is 0.14645381170181393
Similarity score between pants and legs is 0.3919210156388954
The difference between similarity scores is 0.2454672039370815
-------------------------------------------------------------------------------
cat,coat,eyes,1:0
Similarity score between coat and eyes is 0.2517690080241421
Similarity score between cat and eyes is 0.18126089460820993
The difference between similarity scores is 0.07050811341593216
-------------------------------------------------------------------------------
dagger,razor,sheath,1:0
Similarity score between razor and sheath is 0.34427292810740734
Similarity score between dagger and sheath is 0.2908211252641444
The difference between similarity scores is 0.05345180284326295
-------------------------------------------------------------------------------
polyurethane,polyester,varnish,1:0
Similarity score between polyurethane and varnish is 0.4533603115244966
Similarity score between polyester and varnish is 0.3351937183924949
The difference between similarity scores is 0.11816659313200167
-------------------------------------------------------------------------------
ceiling,window,paint,1:0
Similarity score between ceiling and paint is 0.19390798746387874
Similarity score between window and paint is 0.16867087683223547
The difference between similarity scores is 0.025237110631643273
-------------------------------------------------------------------------------
surfboard,sailboat,long,0:1
-------------------------------------------------------------------------------
crocodile,eel,legs,1:0
Similarity score between eel and legs is 0.12065731245396136
Similarity score between crocodile and legs is 0.16243668089051774
The difference between similarity scores is 0.041779368436556386
-------------------------------------------------------------------------------
mammal,bird,placenta,1:0
Similarity score between mammal and placenta is 0.22458426014579827
Similarity score between bird and placenta is 0.08473194594500172
The difference between similarity scores is 0.13985231420079655
-------------------------------------------------------------------------------
priest,archbishop,parish,1:0
Similarity score between archbishop and parish is 0.47053819813201814
Similarity score between priest and parish is 0.5315438034359529
The difference between similarity scores is 0.06100560530393473
-------------------------------------------------------------------------------
nostrils,mouth,hair,1:0
Similarity score between mouth and hair is 0.25116661617409186
Similarity score between nostrils and hair is 0.3055271962664397
The difference between similarity scores is 0.05436058009234784
-------------------------------------------------------------------------------
priest,bishop,parish,1:0
Similarity score between priest and parish is 0.5315438034359529
Similarity score between bishop and parish is 0.5008775654300482
The difference between similarity scores is 0.030666238005904622
-------------------------------------------------------------------------------
governor,attorney,state,0:1
-------------------------------------------------------------------------------
marble,brick,white,1:0
Similarity score between marble and white is 0.25606445522126464
Similarity score between brick and white is 0.24084660191530077
The difference between similarity scores is 0.015217853305963869
-------------------------------------------------------------------------------
garlic,potato,white,1:0
Similarity score between potato and white is 0.116849210934119
Similarity score between garlic and white is 0.16718840904573132
The difference between similarity scores is 0.05033919811161232
-------------------------------------------------------------------------------
banjo,tuba,wood,1:0
Similarity score between tuba and wood is 0.18077868056433632
Similarity score between banjo and wood is 0.2293125554649257
The difference between similarity scores is 0.048533874900589385
-------------------------------------------------------------------------------
toad,owl,swims,1:0
Similarity score between toad and swims is 0.21918695286303672
Similarity score between owl and swims is 0.14043728097681313
The difference between similarity scores is 0.07874967188622359
-------------------------------------------------------------------------------
spider,ant,eyes,0:1
-------------------------------------------------------------------------------
girl,mother,virgin,1:0
Similarity score between girl and virgin is 0.29122279512816046
Similarity score between mother and virgin is 0.20181047488969095
The difference between similarity scores is 0.08941232023846951
-------------------------------------------------------------------------------
donkey,lion,hooves,1:0
Similarity score between donkey and hooves is 0.3937543418362763
Similarity score between lion and hooves is 0.202003316423057
The difference between similarity scores is 0.19175102541321928
-------------------------------------------------------------------------------
gown,veil,long,0:1
-------------------------------------------------------------------------------
mists,cloud,light,1:0
Similarity score between mists and light is 0.23945094671614175
Similarity score between cloud and light is 0.24338913220413208
The difference between similarity scores is 0.0039381854879903255
-------------------------------------------------------------------------------
knee,ankle,bend,1:0
Similarity score between knee and bend is 0.17144492395230718
Similarity score between ankle and bend is 0.16402352975837206
The difference between similarity scores is 0.007421394193935116
-------------------------------------------------------------------------------
beach,island,mainland,1:0
Similarity score between island and mainland is 0.5957045582018177
Similarity score between beach and mainland is 0.2535580646466121
The difference between similarity scores is 0.34214649355520554
-------------------------------------------------------------------------------
anchor,bolts,large,1:0
Similarity score between anchor and large is 0.04158786742777445
Similarity score between bolts and large is 0.0439223356142062
The difference between similarity scores is 0.0023344681864317512
-------------------------------------------------------------------------------
cabbage,parsley,white,1:0
Similarity score between cabbage and white is 0.17304232844356254
Similarity score between parsley and white is 0.18726684377514163
The difference between similarity scores is 0.01422451533157909
-------------------------------------------------------------------------------
whip,razor,long,1:0
Similarity score between whip and long is 0.0599527471267223
Similarity score between razor and long is 0.09775047334022989
The difference between similarity scores is 0.03779772621350759
-------------------------------------------------------------------------------
snack,breakfast,evening,1:0
Similarity score between breakfast and evening is 0.38849711921297136
Similarity score between snack and evening is 0.1948124813702333
The difference between similarity scores is 0.19368463784273807
-------------------------------------------------------------------------------
cockroach,snail,legs,1:0
Similarity score between cockroach and legs is 0.16943222442960407
Similarity score between snail and legs is 0.16177179893470583
The difference between similarity scores is 0.007660425494898232
-------------------------------------------------------------------------------
chicken,peas,legs,1:0
Similarity score between peas and legs is 0.15169744879566477
Similarity score between chicken and legs is 0.21619217053052536
The difference between similarity scores is 0.0644947217348606
-------------------------------------------------------------------------------
grapefruit,celery,pink,1:0
Similarity score between celery and pink is 0.26015304901735453
Similarity score between grapefruit and pink is 0.252336071729177
The difference between similarity scores is 0.00781697728817754
-------------------------------------------------------------------------------
pear,spinach,white,1:0
Similarity score between pear and white is 0.19082667825397384
Similarity score between spinach and white is 0.09126669285497277
The difference between similarity scores is 0.09955998539900107
-------------------------------------------------------------------------------
banjo,harp,round,1:0
Similarity score between harp and round is -4.855017891681378E-4
Similarity score between banjo and round is 0.06542039709573923
The difference between similarity scores is 0.06590589888490736
-------------------------------------------------------------------------------
bladder,liver,urine,1:0
Similarity score between liver and urine is 0.3757788907579329
Similarity score between bladder and urine is 0.4376755552013034
The difference between similarity scores is 0.0618966644433705
-------------------------------------------------------------------------------
arm,hand,band,1:0
Similarity score between arm and band is 0.03611500739281889
Similarity score between hand and band is 0.0046041004246956995
The difference between similarity scores is 0.03151090696812319
-------------------------------------------------------------------------------
bookcase,fridge,wood,1:0
Similarity score between bookcase and wood is 0.30069988198473246
Similarity score between fridge and wood is 0.1394726974819255
The difference between similarity scores is 0.16122718450280696
-------------------------------------------------------------------------------
angle,curve,sharp,1:0
Similarity score between angle and sharp is 0.21874778152736057
Similarity score between curve and sharp is 0.2594381870322881
The difference between similarity scores is 0.04069040550492753
-------------------------------------------------------------------------------
wire,coil,metal,0:1
-------------------------------------------------------------------------------
mammals,bird,milk,1:0
Similarity score between mammals and milk is 0.12221259929115119
Similarity score between bird and milk is 0.08405758341879005
The difference between similarity scores is 0.03815501587236114
-------------------------------------------------------------------------------
clock,stereo,round,1:0
Similarity score between stereo and round is 0.021808319441567726
Similarity score between clock and round is 0.24020321384420573
The difference between similarity scores is 0.218394894402638
-------------------------------------------------------------------------------
aluminium,glass,windows,0:1
Similarity score between glass and windows is 0.46284806816291796
Similarity score between aluminium and windows is 0.0
The difference between similarity scores is 0.46284806816291796
-------------------------------------------------------------------------------
albums,music,picture,1:0
Similarity score between albums and picture is 0.1282869212863849
Similarity score between music and picture is 0.08947607936222719
The difference between similarity scores is 0.038810841924157694
-------------------------------------------------------------------------------
mushroom,salmon,forest,1:0
Similarity score between mushroom and forest is 0.29234177196449856
Similarity score between salmon and forest is 0.2700985121567624
The difference between similarity scores is 0.02224325980773617
-------------------------------------------------------------------------------
honeydew,pineapple,round,1:0
Similarity score between honeydew and round is 0.04846903769133305
Similarity score between pineapple and round is 0.08684838920873791
The difference between similarity scores is 0.03837935151740486
-------------------------------------------------------------------------------
hammer,scissors,wood,1:0
Similarity score between scissors and wood is 0.24087892812788056
Similarity score between hammer and wood is 0.2349942662392381
The difference between similarity scores is 0.005884661888642451
-------------------------------------------------------------------------------
donkey,rabbit,hooves,1:0
Similarity score between rabbit and hooves is 0.3271739161315266
Similarity score between donkey and hooves is 0.3937543418362763
The difference between similarity scores is 0.0665804257047497
-------------------------------------------------------------------------------
gun,shotgun,shoots,0:1
-------------------------------------------------------------------------------
nurse,worker,pediatric,1:0
Similarity score between nurse and pediatric is 0.4075867738849438
Similarity score between worker and pediatric is 0.022511324920594298
The difference between similarity scores is 0.3850754489643495
-------------------------------------------------------------------------------
salad,bacon,green,1:0
Similarity score between salad and green is 0.24096227235675413
Similarity score between bacon and green is 0.1336959057238641
The difference between similarity scores is 0.10726636663289002
-------------------------------------------------------------------------------
chicken,spinach,legs,1:0
Similarity score between spinach and legs is 0.10835849167826246
Similarity score between chicken and legs is 0.21619217053052536
The difference between similarity scores is 0.1078336788522629
-------------------------------------------------------------------------------
clarinet,harp,long,1:0
Similarity score between clarinet and long is -0.007177482641145439
Similarity score between harp and long is 0.011526125340505032
The difference between similarity scores is 0.01870360798165047
-------------------------------------------------------------------------------
cloak,vest,long,1:0
Similarity score between vest and long is 0.0426503391336893
Similarity score between cloak and long is 0.0854142302431573
The difference between similarity scores is 0.042763891109467995
-------------------------------------------------------------------------------
hen,geese,clucks,1:0
Similarity score between hen and clucks is 0.3952389043251484
Similarity score between geese and clucks is 0.30722783254045893
The difference between similarity scores is 0.08801107178468948
-------------------------------------------------------------------------------
vegetable,meat,green,1:0
Similarity score between meat and green is 0.10717526819825206
Similarity score between vegetable and green is 0.2138715873435324
The difference between similarity scores is 0.10669631914528034
-------------------------------------------------------------------------------
soya,cereal,bean,1:0
Similarity score between soya and bean is 0.42053532226784446
Similarity score between cereal and bean is 0.44110436317186447
The difference between similarity scores is 0.02056904090402001
-------------------------------------------------------------------------------
harpoon,bazooka,long,0:1
-------------------------------------------------------------------------------
psychiatrist,doctor,psychoanalysis,1:0
Similarity score between psychiatrist and psychoanalysis is 0.43113621671376073
Similarity score between doctor and psychoanalysis is 0.2870027865681386
The difference between similarity scores is 0.14413343014562213
-------------------------------------------------------------------------------
dish,asparagus,round,1:0
Similarity score between dish and round is 0.05579940643502906
Similarity score between asparagus and round is 0.06295191621432535
The difference between similarity scores is 0.0071525097792962886
-------------------------------------------------------------------------------
cider,whiskey,drink,0:1
-------------------------------------------------------------------------------
educator,physician,teaches,1:0
Similarity score between physician and teaches is 0.05249995766642496
Similarity score between educator and teaches is 0.3977829613317585
The difference between similarity scores is 0.34528300366533354
-------------------------------------------------------------------------------
spear,hammer,long,1:0
Similarity score between hammer and long is 0.021798163032738554
Similarity score between spear and long is 0.11557787387827216
The difference between similarity scores is 0.0937797108455336
-------------------------------------------------------------------------------
tangerine,cranberry,round,0:1
-------------------------------------------------------------------------------
pianist,composer,interprets,1:0
Similarity score between pianist and interprets is 0.16449535710896898
Similarity score between composer and interprets is 0.18073693360379864
The difference between similarity scores is 0.016241576494829657
-------------------------------------------------------------------------------
barrister,lawyer,court,0:1
-------------------------------------------------------------------------------
psychiatrist,physician,madmen,1:0
Similarity score between psychiatrist and madmen is 0.1415989839571882
Similarity score between physician and madmen is 0.01970166290422951
The difference between similarity scores is 0.1218973210529587
-------------------------------------------------------------------------------
tomato,asparagus,round,1:0
Similarity score between tomato and round is 0.09271005608468291
Similarity score between asparagus and round is 0.06295191621432535
The difference between similarity scores is 0.029758139870357567
-------------------------------------------------------------------------------
writer,lawyer,write,0:1
-------------------------------------------------------------------------------
fingers,hand,elongated,1:0
Similarity score between fingers and elongated is 0.22174620079872076
Similarity score between hand and elongated is 0.08035136795403851
The difference between similarity scores is 0.14139483284468224
-------------------------------------------------------------------------------
elbow,hip,sharp,1:0
Similarity score between hip and sharp is 0.15665748236962468
Similarity score between elbow and sharp is 0.19903930412547105
The difference between similarity scores is 0.04238182175584637
-------------------------------------------------------------------------------
fridge,microwave,large,1:0
Similarity score between fridge and large is 0.02902723490989
Similarity score between microwave and large is 0.07073068405885298
The difference between similarity scores is 0.041703449148962984
-------------------------------------------------------------------------------
moose,mink,hooves,1:0
Similarity score between mink and hooves is 0.24994479231705227
Similarity score between moose and hooves is 0.30640396678688314
The difference between similarity scores is 0.05645917446983087
-------------------------------------------------------------------------------
banker,lawyer,finances,1:0
Similarity score between banker and finances is 0.1721531136366405
Similarity score between lawyer and finances is 0.16092822349495792
The difference between similarity scores is 0.01122489014168257
-------------------------------------------------------------------------------
spider,cockroach,legs,0:1
-------------------------------------------------------------------------------
pear,avocado,white,1:0
Similarity score between avocado and white is 0.2109101066204057
Similarity score between pear and white is 0.19082667825397384
The difference between similarity scores is 0.02008342836643187
-------------------------------------------------------------------------------
cousin,uncle,female,1:0
Similarity score between cousin and female is 0.09897720295169528
Similarity score between uncle and female is 0.005401904658086632
The difference between similarity scores is 0.09357529829360865
-------------------------------------------------------------------------------
album,music,photo,1:0
Similarity score between album and photo is 0.1267830348136948
Similarity score between music and photo is 0.1064187850414885
The difference between similarity scores is 0.0203642497722063
-------------------------------------------------------------------------------
wine,liquor,acidic,1:0
Similarity score between liquor and acidic is 0.07996528258545554
Similarity score between wine and acidic is 0.2332899755860677
The difference between similarity scores is 0.15332469300061216
-------------------------------------------------------------------------------
cloud,rain,grey,1:0
Similarity score between cloud and grey is 0.0
Similarity score between rain and grey is 0.0
The difference between similarity scores is 0.0
-------------------------------------------------------------------------------
skirt,jacket,long,0:1
-------------------------------------------------------------------------------
gun,bomb,kill,0:1
-------------------------------------------------------------------------------
dove,hawk,white,1:0
Similarity score between dove and white is 0.20164631813873427
Similarity score between hawk and white is 0.12967253543877216
The difference between similarity scores is 0.0719737826999621
-------------------------------------------------------------------------------
canoe,jeep,wood,1:0
Similarity score between canoe and wood is 0.27683978084071176
Similarity score between jeep and wood is 0.08148751230596213
The difference between similarity scores is 0.19535226853474963
-------------------------------------------------------------------------------
optician,orthodontist,eyes,1:0
Similarity score between optician and eyes is 0.31544269458552354
Similarity score between orthodontist and eyes is 0.1776804746886175
The difference between similarity scores is 0.13776221989690604
-------------------------------------------------------------------------------
fence,brick,wood,1:0
Similarity score between fence and wood is 0.24092651689553915
Similarity score between brick and wood is 0.4119509838832358
The difference between similarity scores is 0.17102446698769666
-------------------------------------------------------------------------------
trousers,robe,legs,1:0
Similarity score between robe and legs is 0.18871904156619998
Similarity score between trousers and legs is 0.3228950549742113
The difference between similarity scores is 0.1341760134080113
-------------------------------------------------------------------------------
fingers,nose,flexible,1:0
Similarity score between nose and flexible is -0.0063831832205508395
Similarity score between fingers and flexible is 0.03854090069643924
The difference between similarity scores is 0.044924083916990085
-------------------------------------------------------------------------------
pelican,swan,large,0:1
-------------------------------------------------------------------------------
sugar,butter,glucose,1:0
Similarity score between butter and glucose is 0.12520994791472365
Similarity score between sugar and glucose is 0.4149381759552948
The difference between similarity scores is 0.2897282280405712
-------------------------------------------------------------------------------
toe,ankle,foot,0:1
-------------------------------------------------------------------------------
truck,scooter,large,1:0
Similarity score between scooter and large is -0.015050716526025723
Similarity score between truck and large is 0.1508077895131914
The difference between similarity scores is 0.16585850603921712
-------------------------------------------------------------------------------
granddaughter,aunt,kid,1:0
Similarity score between granddaughter and kid is 0.35159493313607326
Similarity score between aunt and kid is 0.3942886501515335
The difference between similarity scores is 0.042693717015460264
-------------------------------------------------------------------------------
neurologist,physician,brain,1:0
Similarity score between neurologist and brain is 0.4406514719887042
Similarity score between physician and brain is 0.17405464218937342
The difference between similarity scores is 0.26659682979933075
-------------------------------------------------------------------------------
fingers,cheek,bones,1:0
Similarity score between cheek and bones is 0.2500313591098404
Similarity score between fingers and bones is 0.3289926994382882
The difference between similarity scores is 0.07896134032844776
-------------------------------------------------------------------------------
turnip,cucumber,white,1:0
Similarity score between cucumber and white is 0.17172418725928432
Similarity score between turnip and white is 0.1973025150322914
The difference between similarity scores is 0.025578327773007087
-------------------------------------------------------------------------------
balloon,kite,round,1:0
Similarity score between balloon and round is 0.03572927868821079
Similarity score between kite and round is 0.06646026482705111
The difference between similarity scores is 0.030730986138840323
-------------------------------------------------------------------------------
wheelbarrow,tractor,wood,1:0
Similarity score between wheelbarrow and wood is 0.1721605464129384
Similarity score between tractor and wood is 0.22004683455131194
The difference between similarity scores is 0.047886288138373534
-------------------------------------------------------------------------------
basket,bouquet,wicker,1:0
Similarity score between basket and wicker is 0.2395293348466646
Similarity score between bouquet and wicker is 0.2114744173530322
The difference between similarity scores is 0.028054917493632398
-------------------------------------------------------------------------------
widow,aunt,death,1:0
Similarity score between widow and death is 0.42522198090093866
Similarity score between aunt and death is 0.27291933094072074
The difference between similarity scores is 0.15230264996021792
-------------------------------------------------------------------------------
lips,nose,lipstick,1:0
Similarity score between nose and lipstick is 0.29849049719877163
Similarity score between lips and lipstick is 0.3820242536282048
The difference between similarity scores is 0.08353375642943317
-------------------------------------------------------------------------------
finch,bedding,fly,1:0
Similarity score between finch and fly is 0.14982951942075523
Similarity score between bedding and fly is 0.0493390520908771
The difference between similarity scores is 0.10049046732987812
-------------------------------------------------------------------------------
pork,bacon,meat,0:1
-------------------------------------------------------------------------------
baron,lady,male,1:0
Similarity score between lady and male is 0.26763563582718913
Similarity score between baron and male is -0.031461226401154924
The difference between similarity scores is 0.2990968622283441
-------------------------------------------------------------------------------
rum,liquor,sugarcane,1:0
Similarity score between rum and sugarcane is 0.33522960185230855
Similarity score between liquor and sugarcane is 0.2261471881047901
The difference between similarity scores is 0.10908241374751845
-------------------------------------------------------------------------------
shore,lake,sand,1:0
Similarity score between shore and sand is 0.298022649588409
Similarity score between lake and sand is 0.36299690908874294
The difference between similarity scores is 0.06497425950033392
-------------------------------------------------------------------------------
beetle,snail,legs,1:0
Similarity score between beetle and legs is 0.08169519913788674
Similarity score between snail and legs is 0.16177179893470583
The difference between similarity scores is 0.0800765997968191
-------------------------------------------------------------------------------
bacon,butter,pork,1:0
Similarity score between bacon and pork is 0.5955327089063742
Similarity score between butter and pork is 0.28185039793817424
The difference between similarity scores is 0.3136823109682
-------------------------------------------------------------------------------
sword,knife,sheath,1:0
Similarity score between sword and sheath is 0.36524215771509605
Similarity score between knife and sheath is 0.3397535790691725
The difference between similarity scores is 0.025488578645923576
-------------------------------------------------------------------------------
birch,pine,bark,0:1
-------------------------------------------------------------------------------
sword,gun,cuts,1:0
Similarity score between gun and cuts is 0.04595784005218242
Similarity score between sword and cuts is 0.1016034467319457
The difference between similarity scores is 0.05564560667976328
-------------------------------------------------------------------------------
motel,guesthouse,road,1:0
Similarity score between motel and road is 0.09996387620938305
Similarity score between guesthouse and road is 0.11203694084772317
The difference between similarity scores is 0.012073064638340125
-------------------------------------------------------------------------------
hut,apartment,wood,1:0
Similarity score between apartment and wood is 0.15628263814877708
Similarity score between hut and wood is 0.32177559551110674
The difference between similarity scores is 0.16549295736232966
-------------------------------------------------------------------------------
shoulder,graduates,back,1:0
Similarity score between shoulder and back is 0.3301119438106843
Similarity score between graduates and back is 0.054385474344746124
The difference between similarity scores is 0.2757264694659382
-------------------------------------------------------------------------------
camel,hyena,large,1:0
Similarity score between hyena and large is 0.035999451936937564
Similarity score between camel and large is 0.11989093400304367
The difference between similarity scores is 0.08389148206610611
-------------------------------------------------------------------------------
child,adult,innocent,1:0
Similarity score between child and innocent is 0.1881935923976903
Similarity score between adult and innocent is 0.16742667856367707
The difference between similarity scores is 0.020766913834013218
-------------------------------------------------------------------------------
neck,throat,cut,0:1
-------------------------------------------------------------------------------
bone,liver,tissue,0:1
-------------------------------------------------------------------------------
chicken,parsley,wings,1:0
Similarity score between chicken and wings is 0.34134968902483254
Similarity score between parsley and wings is 0.15548532260675832
The difference between similarity scores is 0.18586436641807422
-------------------------------------------------------------------------------
neck,body,cylindrical,1:0
Similarity score between body and cylindrical is 0.1409127062784649
Similarity score between neck and cylindrical is 0.16482576125465526
The difference between similarity scores is 0.023913054976190368
-------------------------------------------------------------------------------
froth,bubble,dense,1:0
Similarity score between froth and dense is 0.20993670935783953
Similarity score between bubble and dense is 0.15863948395379815
The difference between similarity scores is 0.051297225404041386
-------------------------------------------------------------------------------
actor,actress,male,1:0
Similarity score between actor and male is 0.2060590831158589
Similarity score between actress and male is 0.1807948110476417
The difference between similarity scores is 0.025264272068217214
-------------------------------------------------------------------------------
nave,steeple,large,1:0
Similarity score between nave and large is 0.12933417103470893
Similarity score between steeple and large is 0.0570386023020915
The difference between similarity scores is 0.07229556873261743
-------------------------------------------------------------------------------
shrubs,flower,green,1:0
Similarity score between flower and green is 0.25894788826417237
Similarity score between shrubs and green is 0.21075555765400172
The difference between similarity scores is 0.04819233061017064
-------------------------------------------------------------------------------
boyfriend,dad,romantic,1:0
Similarity score between boyfriend and romantic is 0.4522874008248227
Similarity score between dad and romantic is 0.18661164569307268
The difference between similarity scores is 0.26567575513175
-------------------------------------------------------------------------------
lips,tongue,open,1:0
Similarity score between tongue and open is -0.018329815041119128
Similarity score between lips and open is 0.07833873546071085
The difference between similarity scores is 0.09666855050182999
-------------------------------------------------------------------------------
neck,elbow,strangle,1:0
Similarity score between neck and strangle is 0.30825108498770126
Similarity score between elbow and strangle is 0.0754244033873989
The difference between similarity scores is 0.23282668160030234
-------------------------------------------------------------------------------
frog,butterfly,swims,1:0
Similarity score between butterfly and swims is 0.4133572181653372
Similarity score between frog and swims is 0.22361714798481266
The difference between similarity scores is 0.18974007018052455
-------------------------------------------------------------------------------
room,floor,large,1:0
Similarity score between room and large is 0.14602668937682012
Similarity score between floor and large is 0.08916543734311104
The difference between similarity scores is 0.05686125203370908
-------------------------------------------------------------------------------
toe,toenail,skin,1:0
Similarity score between toenail and skin is 0.48823949934928373
Similarity score between toe and skin is 0.25185947451892116
The difference between similarity scores is 0.23638002483036258
-------------------------------------------------------------------------------
garlic,avocado,white,1:0
Similarity score between garlic and white is 0.16718840904573132
Similarity score between avocado and white is 0.2109101066204057
The difference between similarity scores is 0.043721697574674395
-------------------------------------------------------------------------------
stick,ball,bark,1:0
Similarity score between ball and bark is 0.1425934010457412
Similarity score between stick and bark is 0.1912917339311545
The difference between similarity scores is 0.04869833288541331
-------------------------------------------------------------------------------
cantaloupe,asparagus,round,1:0
Similarity score between cantaloupe and round is 0.043997419209254804
Similarity score between asparagus and round is 0.06295191621432535
The difference between similarity scores is 0.018954497005070542
-------------------------------------------------------------------------------
spider,rabbit,eyes,0:1
-------------------------------------------------------------------------------
livestock,cattle,chicken,1:0
Similarity score between livestock and chicken is 0.3640183068980506
Similarity score between cattle and chicken is 0.38851327582873413
The difference between similarity scores is 0.024494968930683536
-------------------------------------------------------------------------------
