Log for W2VGNewsHybrid8 of discriminative attribute detection model
logged on 30/01/2018 05:12:33
-------------------------------------------------------------------------------
banana,cucumber,long,0:1
-------------------------------------------------------------------------------
lambs,cattle,wool,1:0
Similarity score between lambs and wool is 0.4405668618678399
Similarity score between cattle and wool is 0.36511527283622486
The difference between similarity scores is 0.07545158903161503
-------------------------------------------------------------------------------
shrimp,spinach,pink,1:0
Similarity score between spinach and pink is 0.18101781476874035
Similarity score between shrimp and pink is 0.19989417737362697
The difference between similarity scores is 0.01887636260488662
-------------------------------------------------------------------------------
garage,brick,large,1:0
Similarity score between brick and large is 0.13882626887165692
Similarity score between garage and large is 0.06285899411368108
The difference between similarity scores is 0.07596727475797584
-------------------------------------------------------------------------------
walkway,alley,walk,0:1
-------------------------------------------------------------------------------
teeth,tongue,white,1:0
Similarity score between teeth and white is 0.13214712035410164
Similarity score between tongue and white is 0.11022254367846511
The difference between similarity scores is 0.021924576675636534
-------------------------------------------------------------------------------
woman,doctor,talk,0:1
Similarity score between woman and talk is 0.02424342703879049
Similarity score between doctor and talk is 0.12220419469694027
The difference between similarity scores is 0.09796076765814979
-------------------------------------------------------------------------------
broom,peacock,long,0:1
-------------------------------------------------------------------------------
elbow,finger,arm,0:1
-------------------------------------------------------------------------------
owl,buzzard,eyes,0:1
-------------------------------------------------------------------------------
adults,child,grownup,1:0
Similarity score between adults and grownup is 0.38704625721476066
Similarity score between child and grownup is 0.36797920994127276
The difference between similarity scores is 0.019067047273487903
-------------------------------------------------------------------------------
herbs,root,green,1:0
Similarity score between herbs and green is 0.15372259901699797
Similarity score between root and green is 0.1509143020487477
The difference between similarity scores is 0.0028082969682502734
-------------------------------------------------------------------------------
sledgehammer,axe,long,0:1
-------------------------------------------------------------------------------
canyon,valley,deep,0:1
-------------------------------------------------------------------------------
cheetah,lion,legs,0:1
Similarity score between cheetah and legs is 0.24459806001732493
Similarity score between lion and legs is 0.12248961203014475
The difference between similarity scores is 0.12210844798718018
-------------------------------------------------------------------------------
rum,liquor,alcohol,0:1
Similarity score between liquor and alcohol is 0.624607938858238
Similarity score between rum and alcohol is 0.327857649068644
The difference between similarity scores is 0.29675028978959395
-------------------------------------------------------------------------------
shoulder,leg,arm,1:0
Similarity score between shoulder and arm is 0.5259955250932896
Similarity score between leg and arm is 0.5505544358637441
The difference between similarity scores is 0.024558910770454467
-------------------------------------------------------------------------------
train,subway,rails,0:1
Similarity score between train and rails is 0.44942893693999963
Similarity score between subway and rails is 0.3301560491273518
The difference between similarity scores is 0.11927288781264783
-------------------------------------------------------------------------------
beaver,mink,wood,1:0
Similarity score between beaver and wood is 0.2030099234619774
Similarity score between mink and wood is 0.15089508178789382
The difference between similarity scores is 0.05211484167408359
-------------------------------------------------------------------------------
crocodile,dolphin,long,0:1
-------------------------------------------------------------------------------
daughters,girl,female,0:1
Similarity score between daughters and female is 0.18779509818171172
Similarity score between girl and female is 0.3468012534633346
The difference between similarity scores is 0.1590061552816229
-------------------------------------------------------------------------------
salamander,alligator,water,0:1
-------------------------------------------------------------------------------
buggy,wheelbarrow,wheels,0:1
-------------------------------------------------------------------------------
broom,pine,long,0:1
-------------------------------------------------------------------------------
fog,snow,weather,0:1
-------------------------------------------------------------------------------
orthodontist,gynaecologist,profession,0:1
Similarity score between orthodontist and profession is 0.1702909001897728
Similarity score between gynaecologist and profession is 0.0
The difference between similarity scores is 0.1702909001897728
-------------------------------------------------------------------------------
basket,bag,wicker,1:0
Similarity score between bag and wicker is 0.2155466809695416
Similarity score between basket and wicker is 0.2395293348466646
The difference between similarity scores is 0.023982653877123006
-------------------------------------------------------------------------------
frog,snail,legs,1:0
Similarity score between frog and legs is 0.20048803665198592
Similarity score between snail and legs is 0.16177179893470583
The difference between similarity scores is 0.03871623771728008
-------------------------------------------------------------------------------
daughters,princess,poor,1:0
Similarity score between princess and poor is 0.0301556536634076
Similarity score between daughters and poor is 0.059293154562249636
The difference between similarity scores is 0.029137500898842036
-------------------------------------------------------------------------------
skyscraper,apartment,large,1:0
Similarity score between apartment and large is 0.06819025763791604
Similarity score between skyscraper and large is 0.039380336619967364
The difference between similarity scores is 0.02880992101794868
-------------------------------------------------------------------------------
lacrosse,basketball,players,0:1
Similarity score between basketball and players is 0.37970492793170235
Similarity score between lacrosse and players is 0.2955117043038738
The difference between similarity scores is 0.08419322362782855
-------------------------------------------------------------------------------
sausage,bacon,rounded,1:0
Similarity score between sausage and rounded is 0.07180942500995575
Similarity score between bacon and rounded is 0.06879148817651383
The difference between similarity scores is 0.0030179368334419254
-------------------------------------------------------------------------------
yacht,canoe,large,1:0
Similarity score between yacht and large is 0.07205047046278973
Similarity score between canoe and large is 0.030708474416607262
The difference between similarity scores is 0.041341996046182466
-------------------------------------------------------------------------------
eyebrow,brow,hair,1:0
Similarity score between eyebrow and hair is 0.40576339772360837
Similarity score between brow and hair is 0.42233150556327187
The difference between similarity scores is 0.016568107839663504
-------------------------------------------------------------------------------
jazz,music,listen,0:1
Similarity score between jazz and listen is 0.21326090370757045
Similarity score between music and listen is 0.35209350696648334
The difference between similarity scores is 0.1388326032589129
-------------------------------------------------------------------------------
chicken,bread,legs,1:0
Similarity score between chicken and legs is 0.21619217053052536
Similarity score between bread and legs is 0.16944840439208148
The difference between similarity scores is 0.04674376613844389
-------------------------------------------------------------------------------
mother,woman,female,0:1
Similarity score between woman and female is 0.4969047285638524
Similarity score between mother and female is 0.18754738560877895
The difference between similarity scores is 0.30935734295507344
-------------------------------------------------------------------------------
shrimp,asparagus,swims,1:0
Similarity score between asparagus and swims is 0.11161908478977467
Similarity score between shrimp and swims is 0.18360412436546944
The difference between similarity scores is 0.07198503957569477
-------------------------------------------------------------------------------
pelican,turtle,large,0:1
-------------------------------------------------------------------------------
ox,hyena,large,1:0
Similarity score between ox and large is 0.06312775501593035
Similarity score between hyena and large is 0.035999451936937564
The difference between similarity scores is 0.027128303078992784
-------------------------------------------------------------------------------
basket,tray,wicker,1:0
Similarity score between basket and wicker is 0.2395293348466646
Similarity score between tray and wicker is 0.2939198002654916
The difference between similarity scores is 0.05439046541882697
-------------------------------------------------------------------------------
whip,brush,long,1:0
Similarity score between brush and long is 0.04187319174733539
Similarity score between whip and long is 0.0599527471267223
The difference between similarity scores is 0.018079555379386908
-------------------------------------------------------------------------------
co-star,actress,movie,0:1
-------------------------------------------------------------------------------
politician,nationalist,politics,0:1
-------------------------------------------------------------------------------
chest,neck,large,1:0
Similarity score between chest and large is 0.028453304773688435
Similarity score between neck and large is 0.056540149638236205
The difference between similarity scores is 0.02808684486454777
-------------------------------------------------------------------------------
plate,gynaecologist,act,0:1
-------------------------------------------------------------------------------
oven,freezer,kitchen,0:1
-------------------------------------------------------------------------------
troops,army,armed,0:1
Similarity score between army and armed is 0.38747946235299624
Similarity score between troops and armed is 0.2729043363358355
The difference between similarity scores is 0.11457512601716074
-------------------------------------------------------------------------------
desk,toilet,legs,1:0
Similarity score between desk and legs is 0.17676242369520354
Similarity score between toilet and legs is 0.14488026498407558
The difference between similarity scores is 0.031882158711127956
-------------------------------------------------------------------------------
face,body,hair,0:1
-------------------------------------------------------------------------------
pelican,turtle,white,1:0
Similarity score between pelican and white is 0.20048401773327815
Similarity score between turtle and white is 0.12369996236497025
The difference between similarity scores is 0.0767840553683079
-------------------------------------------------------------------------------
maid,bride,female,0:1
Similarity score between maid and female is 0.25602456695755427
Similarity score between bride and female is 0.15967274170470153
The difference between similarity scores is 0.09635182525285274
-------------------------------------------------------------------------------
frog,cow,jumps,1:0
Similarity score between frog and jumps is 0.1731174370669658
Similarity score between cow and jumps is 0.11753209012902346
The difference between similarity scores is 0.05558534693794234
-------------------------------------------------------------------------------
lung,liver,transplant,0:1
Similarity score between liver and transplant is 0.4706959586646759
Similarity score between lung and transplant is 0.3700495389723035
The difference between similarity scores is 0.10064641969237237
-------------------------------------------------------------------------------
chicken,cucumber,legs,1:0
Similarity score between chicken and legs is 0.21619217053052536
Similarity score between cucumber and legs is 0.2125619079121129
The difference between similarity scores is 0.0036302626184124553
-------------------------------------------------------------------------------
osteopath,dentist,bones,1:0
Similarity score between osteopath and bones is 0.12522871221684134
Similarity score between dentist and bones is 0.12355460353045312
The difference between similarity scores is 0.0016741086863882176
-------------------------------------------------------------------------------
beets,garlic,round,1:0
Similarity score between garlic and round is -0.023584391933145425
Similarity score between beets and round is 0.02569497755542915
The difference between similarity scores is 0.04927936948857457
-------------------------------------------------------------------------------
copper,slingshot,skin,0:1
-------------------------------------------------------------------------------
father,prince,man,0:1
-------------------------------------------------------------------------------
arcades,alley,walk,0:1
Similarity score between arcades and walk is 0.06746484968991366
Similarity score between alley and walk is 0.24841898554667577
The difference between similarity scores is 0.18095413585676212
-------------------------------------------------------------------------------
computers,machine,keyboard,1:0
Similarity score between machine and keyboard is 0.26093172162254125
Similarity score between computers and keyboard is 0.2741275945223517
The difference between similarity scores is 0.013195872899810446
-------------------------------------------------------------------------------
grape,vine,round,1:0
Similarity score between grape and round is 0.07224850514287903
Similarity score between vine and round is 0.06340082748209606
The difference between similarity scores is 0.008847677660782968
-------------------------------------------------------------------------------
cucumber,eggplant,long,0:1
-------------------------------------------------------------------------------
wrists,ankle,arm,1:0
Similarity score between ankle and arm is 0.39494410777691075
Similarity score between wrists and arm is 0.4340756835664008
The difference between similarity scores is 0.03913157578949006
-------------------------------------------------------------------------------
dagger,oak,bones,0:1
Similarity score between oak and bones is 0.18835893017031816
Similarity score between dagger and bones is 0.10316379197246618
The difference between similarity scores is 0.08519513819785197
-------------------------------------------------------------------------------
seabirds,bird,fly,0:1
Similarity score between seabirds and fly is 0.18941029005636345
Similarity score between bird and fly is 0.27877750338425167
The difference between similarity scores is 0.08936721332788822
-------------------------------------------------------------------------------
tortoise,alligator,water,0:1
Similarity score between alligator and water is 0.2668766698996543
Similarity score between tortoise and water is 0.12371455670431258
The difference between similarity scores is 0.14316211319534172
-------------------------------------------------------------------------------
beaver,squirrel,swims,1:0
Similarity score between squirrel and swims is 0.12403099137230923
Similarity score between beaver and swims is 0.1909133484563249
The difference between similarity scores is 0.06688235708401567
-------------------------------------------------------------------------------
tomato,broccoli,round,1:0
Similarity score between tomato and round is 0.09271005608468291
Similarity score between broccoli and round is 0.013840427923836031
The difference between similarity scores is 0.07886962816084689
-------------------------------------------------------------------------------
pipe,plug,round,0:1
-------------------------------------------------------------------------------
moose,mink,legs,0:1
Similarity score between moose and legs is 0.19859677674575546
Similarity score between mink and legs is 0.07431345584921727
The difference between similarity scores is 0.1242833208965382
-------------------------------------------------------------------------------
neck,finger,bones,0:1
Similarity score between finger and bones is 0.2699795236153537
Similarity score between neck and bones is 0.3546251630372418
The difference between similarity scores is 0.08464563942188807
-------------------------------------------------------------------------------
truck,wagon,wheels,0:1
Similarity score between truck and wheels is 0.3429454240764102
Similarity score between wagon and wheels is 0.44057565508376206
The difference between similarity scores is 0.09763023100735185
-------------------------------------------------------------------------------
marble,brick,round,1:0
Similarity score between brick and round is -0.012997955423589015
Similarity score between marble and round is 0.030335455846620257
The difference between similarity scores is 0.043333411270209274
-------------------------------------------------------------------------------
neck,leg,spine,1:0
Similarity score between leg and spine is 0.49593318304051476
Similarity score between neck and spine is 0.5182882138570071
The difference between similarity scores is 0.022355030816492316
-------------------------------------------------------------------------------
husband,dad,male,0:1
-------------------------------------------------------------------------------
actress,girl,female,0:1
Similarity score between girl and female is 0.3468012534633346
Similarity score between actress and female is 0.2425817720078394
The difference between similarity scores is 0.10421948145549523
-------------------------------------------------------------------------------
cat,coat,eyes,1:0
Similarity score between cat and eyes is 0.18126089460820993
Similarity score between coat and eyes is 0.2517690080241421
The difference between similarity scores is 0.07050811341593216
-------------------------------------------------------------------------------
dagger,razor,sheath,1:0
Similarity score between dagger and sheath is 0.2908211252641444
Similarity score between razor and sheath is 0.34427292810740734
The difference between similarity scores is 0.05345180284326295
-------------------------------------------------------------------------------
ceiling,window,paint,1:0
Similarity score between ceiling and paint is 0.19390798746387874
Similarity score between window and paint is 0.16867087683223547
The difference between similarity scores is 0.025237110631643273
-------------------------------------------------------------------------------
charcoal,chalk,write,0:1
Similarity score between chalk and write is 0.21639533827579915
Similarity score between charcoal and write is -0.011491185132778045
The difference between similarity scores is 0.2278865234085772
-------------------------------------------------------------------------------
car,taxi,wheels,0:1
Similarity score between taxi and wheels is 0.12747742785537314
Similarity score between car and wheels is 0.385584283327174
The difference between similarity scores is 0.25810685547180084
-------------------------------------------------------------------------------
giraffe,lion,legs,0:1
Similarity score between giraffe and legs is 0.34245748955552374
Similarity score between lion and legs is 0.12248961203014475
The difference between similarity scores is 0.219967877525379
-------------------------------------------------------------------------------
surfboard,sailboat,long,0:1
-------------------------------------------------------------------------------
foxhound,hound,hunt,0:1
Similarity score between foxhound and hunt is 0.273003330154883
Similarity score between hound and hunt is 0.3552354520282158
The difference between similarity scores is 0.08223212187333284
-------------------------------------------------------------------------------
wife,woman,female,0:1
Similarity score between woman and female is 0.4969047285638524
Similarity score between wife and female is 0.10107607164339268
The difference between similarity scores is 0.39582865692045976
-------------------------------------------------------------------------------
crocodile,eel,legs,1:0
Similarity score between crocodile and legs is 0.16243668089051774
Similarity score between eel and legs is 0.12065731245396136
The difference between similarity scores is 0.041779368436556386
-------------------------------------------------------------------------------
priest,archbishop,parish,1:0
Similarity score between archbishop and parish is 0.47053819813201814
Similarity score between priest and parish is 0.5315438034359529
The difference between similarity scores is 0.06100560530393473
-------------------------------------------------------------------------------
nostrils,mouth,hair,1:0
Similarity score between mouth and hair is 0.25116661617409186
Similarity score between nostrils and hair is 0.3055271962664397
The difference between similarity scores is 0.05436058009234784
-------------------------------------------------------------------------------
priest,bishop,parish,1:0
Similarity score between bishop and parish is 0.5008775654300482
Similarity score between priest and parish is 0.5315438034359529
The difference between similarity scores is 0.030666238005904622
-------------------------------------------------------------------------------
governor,attorney,state,0:1
-------------------------------------------------------------------------------
marble,brick,white,1:0
Similarity score between marble and white is 0.25606445522126464
Similarity score between brick and white is 0.24084660191530077
The difference between similarity scores is 0.015217853305963869
-------------------------------------------------------------------------------
garlic,potato,white,1:0
Similarity score between garlic and white is 0.16718840904573132
Similarity score between potato and white is 0.116849210934119
The difference between similarity scores is 0.05033919811161232
-------------------------------------------------------------------------------
banjo,tuba,wood,1:0
Similarity score between tuba and wood is 0.18077868056433632
Similarity score between banjo and wood is 0.2293125554649257
The difference between similarity scores is 0.048533874900589385
-------------------------------------------------------------------------------
toad,owl,swims,1:0
Similarity score between toad and swims is 0.21918695286303672
Similarity score between owl and swims is 0.14043728097681313
The difference between similarity scores is 0.07874967188622359
-------------------------------------------------------------------------------
spider,ant,eyes,0:1
-------------------------------------------------------------------------------
oak,cherry,wood,0:1
Similarity score between cherry and wood is 0.2598181053082252
Similarity score between oak and wood is 0.5848642532766601
The difference between similarity scores is 0.32504614796843495
-------------------------------------------------------------------------------
gown,veil,long,0:1
-------------------------------------------------------------------------------
mists,cloud,light,1:0
Similarity score between cloud and light is 0.24338913220413208
Similarity score between mists and light is 0.23945094671614175
The difference between similarity scores is 0.0039381854879903255
-------------------------------------------------------------------------------
knee,ankle,bend,1:0
Similarity score between ankle and bend is 0.16402352975837206
Similarity score between knee and bend is 0.17144492395230718
The difference between similarity scores is 0.007421394193935116
-------------------------------------------------------------------------------
anchor,bolts,large,1:0
Similarity score between bolts and large is 0.0439223356142062
Similarity score between anchor and large is 0.04158786742777445
The difference between similarity scores is 0.0023344681864317512
-------------------------------------------------------------------------------
cabbage,parsley,white,1:0
Similarity score between cabbage and white is 0.17304232844356254
Similarity score between parsley and white is 0.18726684377514163
The difference between similarity scores is 0.01422451533157909
-------------------------------------------------------------------------------
honey,sugar,sweet,0:1
Similarity score between sugar and sweet is 0.29781426239309544
Similarity score between honey and sweet is 0.40374958523708027
The difference between similarity scores is 0.10593532284398482
-------------------------------------------------------------------------------
whip,razor,long,1:0
Similarity score between whip and long is 0.0599527471267223
Similarity score between razor and long is 0.09775047334022989
The difference between similarity scores is 0.03779772621350759
-------------------------------------------------------------------------------
giraffe,elephant,legs,0:1
Similarity score between elephant and legs is 0.1275066335205334
Similarity score between giraffe and legs is 0.34245748955552374
The difference between similarity scores is 0.21495085603499034
-------------------------------------------------------------------------------
cockroach,snail,legs,1:0
Similarity score between snail and legs is 0.16177179893470583
Similarity score between cockroach and legs is 0.16943222442960407
The difference between similarity scores is 0.007660425494898232
-------------------------------------------------------------------------------
chicken,peas,legs,1:0
Similarity score between peas and legs is 0.15169744879566477
Similarity score between chicken and legs is 0.21619217053052536
The difference between similarity scores is 0.0644947217348606
-------------------------------------------------------------------------------
camel,jeep,large,0:1
Similarity score between camel and large is 0.11989093400304367
Similarity score between jeep and large is 0.010068446968909746
The difference between similarity scores is 0.10982248703413391
-------------------------------------------------------------------------------
grapefruit,celery,pink,1:0
Similarity score between celery and pink is 0.26015304901735453
Similarity score between grapefruit and pink is 0.252336071729177
The difference between similarity scores is 0.00781697728817754
-------------------------------------------------------------------------------
nightclub,biscuit,sheet,0:1
Similarity score between biscuit and sheet is 0.1924763625872401
Similarity score between nightclub and sheet is 0.028011505856009807
The difference between similarity scores is 0.1644648567312303
-------------------------------------------------------------------------------
banjo,harp,round,1:0
Similarity score between banjo and round is 0.06542039709573923
Similarity score between harp and round is -4.855017891681378E-4
The difference between similarity scores is 0.06590589888490736
-------------------------------------------------------------------------------
bladder,liver,urine,1:0
Similarity score between liver and urine is 0.3757788907579329
Similarity score between bladder and urine is 0.4376755552013034
The difference between similarity scores is 0.0618966644433705
-------------------------------------------------------------------------------
arm,hand,band,1:0
Similarity score between arm and band is 0.03611500739281889
Similarity score between hand and band is 0.0046041004246956995
The difference between similarity scores is 0.03151090696812319
-------------------------------------------------------------------------------
angle,curve,sharp,1:0
Similarity score between curve and sharp is 0.2594381870322881
Similarity score between angle and sharp is 0.21874778152736057
The difference between similarity scores is 0.04069040550492753
-------------------------------------------------------------------------------
wire,coil,metal,0:1
-------------------------------------------------------------------------------
houses,movie,rails,0:1
Similarity score between houses and rails is 0.15077956140592447
Similarity score between movie and rails is 0.048927069778163745
The difference between similarity scores is 0.10185249162776072
-------------------------------------------------------------------------------
prisons,jail,convict,0:1
Similarity score between prisons and convict is 0.304572017915777
Similarity score between jail and convict is 0.4838310763054595
The difference between similarity scores is 0.17925905838968254
-------------------------------------------------------------------------------
mammals,bird,milk,1:0
Similarity score between mammals and milk is 0.12221259929115119
Similarity score between bird and milk is 0.08405758341879005
The difference between similarity scores is 0.03815501587236114
-------------------------------------------------------------------------------
king,prince,royal,0:1
Similarity score between king and royal is 0.5239794602008857
Similarity score between prince and royal is 0.6433807647106196
The difference between similarity scores is 0.11940130450973385
-------------------------------------------------------------------------------
aluminium,glass,windows,0:1
Similarity score between aluminium and windows is 0.0
Similarity score between glass and windows is 0.46284806816291796
The difference between similarity scores is 0.46284806816291796
-------------------------------------------------------------------------------
albums,music,picture,1:0
Similarity score between music and picture is 0.08947607936222719
Similarity score between albums and picture is 0.1282869212863849
The difference between similarity scores is 0.038810841924157694
-------------------------------------------------------------------------------
mushroom,salmon,forest,1:0
Similarity score between mushroom and forest is 0.29234177196449856
Similarity score between salmon and forest is 0.2700985121567624
The difference between similarity scores is 0.02224325980773617
-------------------------------------------------------------------------------
honeydew,pineapple,round,1:0
Similarity score between pineapple and round is 0.08684838920873791
Similarity score between honeydew and round is 0.04846903769133305
The difference between similarity scores is 0.03837935151740486
-------------------------------------------------------------------------------
hammer,scissors,wood,1:0
Similarity score between scissors and wood is 0.24087892812788056
Similarity score between hammer and wood is 0.2349942662392381
The difference between similarity scores is 0.005884661888642451
-------------------------------------------------------------------------------
donkey,rabbit,hooves,1:0
Similarity score between rabbit and hooves is 0.3271739161315266
Similarity score between donkey and hooves is 0.3937543418362763
The difference between similarity scores is 0.0665804257047497
-------------------------------------------------------------------------------
gun,shotgun,shoots,0:1
-------------------------------------------------------------------------------
scripture,bible,religion,0:1
Similarity score between scripture and religion is 0.5159401690429751
Similarity score between bible and religion is 0.3180580204626468
The difference between similarity scores is 0.19788214858032832
-------------------------------------------------------------------------------
clarinet,harp,long,1:0
Similarity score between clarinet and long is -0.007177482641145439
Similarity score between harp and long is 0.011526125340505032
The difference between similarity scores is 0.01870360798165047
-------------------------------------------------------------------------------
graduates,student,human,0:1
Similarity score between graduates and human is 0.03206380517792774
Similarity score between student and human is 0.1900689942418752
The difference between similarity scores is 0.15800518906394745
-------------------------------------------------------------------------------
boyfriend,eyebrows,bean,0:1
Similarity score between boyfriend and bean is 0.0464001501183547
Similarity score between eyebrows and bean is 0.1290482125312567
The difference between similarity scores is 0.082648062412902
-------------------------------------------------------------------------------
cloak,vest,long,1:0
Similarity score between vest and long is 0.0426503391336893
Similarity score between cloak and long is 0.0854142302431573
The difference between similarity scores is 0.042763891109467995
-------------------------------------------------------------------------------
soya,cereal,bean,1:0
Similarity score between cereal and bean is 0.44110436317186447
Similarity score between soya and bean is 0.42053532226784446
The difference between similarity scores is 0.02056904090402001
-------------------------------------------------------------------------------
muscles,leg,sore,0:1
Similarity score between leg and sore is 0.3980716941841648
Similarity score between muscles and sore is 0.2871397774253333
The difference between similarity scores is 0.11093191675883152
-------------------------------------------------------------------------------
businessman,politician,human,0:1
Similarity score between businessman and human is -0.03382592647873966
Similarity score between politician and human is 0.07668596453546687
The difference between similarity scores is 0.11051189101420653
-------------------------------------------------------------------------------
slag,charcoal,material,0:1
Similarity score between slag and material is 0.33996515937182487
Similarity score between charcoal and material is 0.20945489316351854
The difference between similarity scores is 0.13051026620830633
-------------------------------------------------------------------------------
harpoon,bazooka,long,0:1
-------------------------------------------------------------------------------
dish,asparagus,round,1:0
Similarity score between asparagus and round is 0.06295191621432535
Similarity score between dish and round is 0.05579940643502906
The difference between similarity scores is 0.0071525097792962886
-------------------------------------------------------------------------------
pillow,jacket,white,0:1
Similarity score between jacket and white is 0.28286875161409436
Similarity score between pillow and white is 0.17701092362234053
The difference between similarity scores is 0.10585782799175383
-------------------------------------------------------------------------------
cider,whiskey,drink,0:1
-------------------------------------------------------------------------------
bench,bed,legs,0:1
Similarity score between bench and legs is 0.18809700906211188
Similarity score between bed and legs is 0.28005494211276427
The difference between similarity scores is 0.09195793305065239
-------------------------------------------------------------------------------
tangerine,cranberry,round,0:1
-------------------------------------------------------------------------------
pianist,composer,interprets,1:0
Similarity score between composer and interprets is 0.18073693360379864
Similarity score between pianist and interprets is 0.16449535710896898
The difference between similarity scores is 0.016241576494829657
-------------------------------------------------------------------------------
barrister,lawyer,court,0:1
-------------------------------------------------------------------------------
gate,widow,vinegar,0:1
Similarity score between gate and vinegar is -0.020310936417694603
Similarity score between widow and vinegar is 0.10842430832216139
The difference between similarity scores is 0.12873524473985598
-------------------------------------------------------------------------------
men,people,talk,0:1
Similarity score between men and talk is 0.04380924220273647
Similarity score between people and talk is 0.15483852702806375
The difference between similarity scores is 0.11102928482532728
-------------------------------------------------------------------------------
tomato,asparagus,round,1:0
Similarity score between asparagus and round is 0.06295191621432535
Similarity score between tomato and round is 0.09271005608468291
The difference between similarity scores is 0.029758139870357567
-------------------------------------------------------------------------------
writer,lawyer,write,0:1
-------------------------------------------------------------------------------
elbow,hip,sharp,1:0
Similarity score between elbow and sharp is 0.19903930412547105
Similarity score between hip and sharp is 0.15665748236962468
The difference between similarity scores is 0.04238182175584637
-------------------------------------------------------------------------------
fridge,microwave,large,1:0
Similarity score between fridge and large is 0.02902723490989
Similarity score between microwave and large is 0.07073068405885298
The difference between similarity scores is 0.041703449148962984
-------------------------------------------------------------------------------
moose,mink,hooves,1:0
Similarity score between moose and hooves is 0.30640396678688314
Similarity score between mink and hooves is 0.24994479231705227
The difference between similarity scores is 0.05645917446983087
-------------------------------------------------------------------------------
banker,lawyer,finances,1:0
Similarity score between lawyer and finances is 0.16092822349495792
Similarity score between banker and finances is 0.1721531136366405
The difference between similarity scores is 0.01122489014168257
-------------------------------------------------------------------------------
spider,cockroach,legs,0:1
-------------------------------------------------------------------------------
belfry,oriole,apartment,0:1
Similarity score between belfry and apartment is 0.23682678639773802
Similarity score between oriole and apartment is 0.03924500185386944
The difference between similarity scores is 0.19758178454386857
-------------------------------------------------------------------------------
pear,avocado,white,1:0
Similarity score between pear and white is 0.19082667825397384
Similarity score between avocado and white is 0.2109101066204057
The difference between similarity scores is 0.02008342836643187
-------------------------------------------------------------------------------
hip,shoulder,joints,0:1
Similarity score between hip and joints is 0.41039156775378516
Similarity score between shoulder and joints is 0.28735092009139673
The difference between similarity scores is 0.12304064766238842
-------------------------------------------------------------------------------
album,music,photo,1:0
Similarity score between album and photo is 0.1267830348136948
Similarity score between music and photo is 0.1064187850414885
The difference between similarity scores is 0.0203642497722063
-------------------------------------------------------------------------------
hygienist,orthodontist,patient,0:1
Similarity score between hygienist and patient is 0.36916915787681887
Similarity score between orthodontist and patient is 0.21814625718576686
The difference between similarity scores is 0.151022900691052
-------------------------------------------------------------------------------
nerve,bone,anatomy,0:1
Similarity score between bone and anatomy is 0.32698478605165343
Similarity score between nerve and anatomy is 0.12263194388556291
The difference between similarity scores is 0.2043528421660905
-------------------------------------------------------------------------------
cloud,rain,grey,1:0
Similarity score between cloud and grey is 0.0
Similarity score between rain and grey is 0.0
The difference between similarity scores is 0.0
-------------------------------------------------------------------------------
skirt,jacket,long,0:1
-------------------------------------------------------------------------------
gun,bomb,kill,0:1
-------------------------------------------------------------------------------
dove,hawk,white,1:0
Similarity score between hawk and white is 0.12967253543877216
Similarity score between dove and white is 0.20164631813873427
The difference between similarity scores is 0.0719737826999621
-------------------------------------------------------------------------------
turtle,lobster,legs,0:1
Similarity score between turtle and legs is 0.19368731535658673
Similarity score between lobster and legs is 0.0935875379721467
The difference between similarity scores is 0.10009977738444004
-------------------------------------------------------------------------------
banker,raisin,wicker,0:1
Similarity score between banker and wicker is 0.06379881247694907
Similarity score between raisin and wicker is 0.20435269165275557
The difference between similarity scores is 0.1405538791758065
-------------------------------------------------------------------------------
cigars,tobacco,nicotine,0:1
Similarity score between cigars and nicotine is 0.24893506212519864
Similarity score between tobacco and nicotine is 0.47060140635526165
The difference between similarity scores is 0.221666344230063
-------------------------------------------------------------------------------
pastries,breakfast,sweet,0:1
Similarity score between pastries and sweet is 0.3389940022129622
Similarity score between breakfast and sweet is 0.18502689687960722
The difference between similarity scores is 0.153967105333355
-------------------------------------------------------------------------------
lavender,flower,plant,0:1
Similarity score between flower and plant is 0.28450524600920546
Similarity score between lavender and plant is 0.17193438961315863
The difference between similarity scores is 0.11257085639604683
-------------------------------------------------------------------------------
fingers,nose,flexible,1:0
Similarity score between nose and flexible is -0.0063831832205508395
Similarity score between fingers and flexible is 0.03854090069643924
The difference between similarity scores is 0.044924083916990085
-------------------------------------------------------------------------------
brush,chocolate,chicken,0:1
Similarity score between chocolate and chicken is 0.30734492241232764
Similarity score between brush and chicken is 0.12236812540401913
The difference between similarity scores is 0.1849767970083085
-------------------------------------------------------------------------------
pelican,swan,large,0:1
-------------------------------------------------------------------------------
pins,wire,metal,0:1
Similarity score between pins and metal is 0.21693763272701705
Similarity score between wire and metal is 0.3105337525041413
The difference between similarity scores is 0.09359611977712423
-------------------------------------------------------------------------------
toe,ankle,foot,0:1
-------------------------------------------------------------------------------
courtyard,alley,outdoors,0:1
Similarity score between alley and outdoors is 0.15820832781367625
Similarity score between courtyard and outdoors is 0.2512696804735175
The difference between similarity scores is 0.09306135265984125
-------------------------------------------------------------------------------
granddaughter,aunt,kid,1:0
Similarity score between granddaughter and kid is 0.35159493313607326
Similarity score between aunt and kid is 0.3942886501515335
The difference between similarity scores is 0.042693717015460264
-------------------------------------------------------------------------------
nectarine,cranberry,round,0:1
Similarity score between nectarine and round is 0.08621945749570338
Similarity score between cranberry and round is 0.002338196930093664
The difference between similarity scores is 0.08388126056560971
-------------------------------------------------------------------------------
fingers,cheek,bones,1:0
Similarity score between fingers and bones is 0.3289926994382882
Similarity score between cheek and bones is 0.2500313591098404
The difference between similarity scores is 0.07896134032844776
-------------------------------------------------------------------------------
turnip,cucumber,white,1:0
Similarity score between cucumber and white is 0.17172418725928432
Similarity score between turnip and white is 0.1973025150322914
The difference between similarity scores is 0.025578327773007087
-------------------------------------------------------------------------------
balloon,kite,round,1:0
Similarity score between balloon and round is 0.03572927868821079
Similarity score between kite and round is 0.06646026482705111
The difference between similarity scores is 0.030730986138840323
-------------------------------------------------------------------------------
wheelbarrow,tractor,wood,1:0
Similarity score between tractor and wood is 0.22004683455131194
Similarity score between wheelbarrow and wood is 0.1721605464129384
The difference between similarity scores is 0.047886288138373534
-------------------------------------------------------------------------------
basket,bouquet,wicker,1:0
Similarity score between basket and wicker is 0.2395293348466646
Similarity score between bouquet and wicker is 0.2114744173530322
The difference between similarity scores is 0.028054917493632398
-------------------------------------------------------------------------------
musician,brother-in-law,pray,0:1
Similarity score between brother-in-law and pray is 0.22175854266614672
Similarity score between musician and pray is 0.11171411677237213
The difference between similarity scores is 0.1100444258937746
-------------------------------------------------------------------------------
ant,frog,legs,0:1
Similarity score between frog and legs is 0.20048803665198592
Similarity score between ant and legs is 0.10652940349906012
The difference between similarity scores is 0.0939586331529258
-------------------------------------------------------------------------------
venison,steak,cook,0:1
Similarity score between venison and cook is 0.2859346976014184
Similarity score between steak and cook is 0.4480894122655444
The difference between similarity scores is 0.162154714664126
-------------------------------------------------------------------------------
estuary,river,water,0:1
Similarity score between estuary and water is 0.4226757293207628
Similarity score between river and water is 0.5768983335578924
The difference between similarity scores is 0.15422260423712963
-------------------------------------------------------------------------------
uncle,hose,racks,0:1
Similarity score between uncle and racks is -0.01352095618442607
Similarity score between hose and racks is 0.22209652631930413
The difference between similarity scores is 0.23561748250373019
-------------------------------------------------------------------------------
viscose,polyester,polymer,0:1
Similarity score between viscose and polymer is 0.40718175751906965
Similarity score between polyester and polymer is 0.5360680236807288
The difference between similarity scores is 0.12888626616165916
-------------------------------------------------------------------------------
mars,moon,rotate,0:1
Similarity score between mars and rotate is 0.009248955755330248
Similarity score between moon and rotate is 0.1657895364833874
The difference between similarity scores is 0.15654058072805715
-------------------------------------------------------------------------------
pork,bacon,meat,0:1
-------------------------------------------------------------------------------
snacks,breakfast,light,0:1
Similarity score between snacks and light is 0.1347859534185025
Similarity score between breakfast and light is 0.034056676835249405
The difference between similarity scores is 0.10072927658325309
-------------------------------------------------------------------------------
shore,lake,sand,1:0
Similarity score between lake and sand is 0.36299690908874294
Similarity score between shore and sand is 0.298022649588409
The difference between similarity scores is 0.06497425950033392
-------------------------------------------------------------------------------
oven,fridge,racks,0:1
Similarity score between oven and racks is 0.3163865375558687
Similarity score between fridge and racks is 0.4089020190884597
The difference between similarity scores is 0.09251548153259098
-------------------------------------------------------------------------------
raccoon,moose,eyes,0:1
Similarity score between moose and eyes is 0.05283265517739342
Similarity score between raccoon and eyes is 0.14508430382791823
The difference between similarity scores is 0.09225164865052482
-------------------------------------------------------------------------------
sword,knife,sheath,1:0
Similarity score between knife and sheath is 0.3397535790691725
Similarity score between sword and sheath is 0.36524215771509605
The difference between similarity scores is 0.025488578645923576
-------------------------------------------------------------------------------
birch,pine,bark,0:1
-------------------------------------------------------------------------------
sword,gun,cuts,1:0
Similarity score between gun and cuts is 0.04595784005218242
Similarity score between sword and cuts is 0.1016034467319457
The difference between similarity scores is 0.05564560667976328
-------------------------------------------------------------------------------
motel,guesthouse,road,1:0
Similarity score between guesthouse and road is 0.11203694084772317
Similarity score between motel and road is 0.09996387620938305
The difference between similarity scores is 0.012073064638340125
-------------------------------------------------------------------------------
fingers,neck,strangle,0:1
Similarity score between fingers and strangle is 0.15674042281266753
Similarity score between neck and strangle is 0.30825108498770126
The difference between similarity scores is 0.15151066217503373
-------------------------------------------------------------------------------
botanist,physician,research,0:1
Similarity score between physician and research is 0.15001858203301777
Similarity score between botanist and research is 0.2385101413906348
The difference between similarity scores is 0.08849155935761704
-------------------------------------------------------------------------------
child,adult,innocent,1:0
Similarity score between adult and innocent is 0.16742667856367707
Similarity score between child and innocent is 0.1881935923976903
The difference between similarity scores is 0.020766913834013218
-------------------------------------------------------------------------------
neck,throat,cut,0:1
-------------------------------------------------------------------------------
bone,liver,tissue,0:1
-------------------------------------------------------------------------------
neck,body,cylindrical,1:0
Similarity score between neck and cylindrical is 0.16482576125465526
Similarity score between body and cylindrical is 0.1409127062784649
The difference between similarity scores is 0.023913054976190368
-------------------------------------------------------------------------------
wife,princess,female,0:1
Similarity score between wife and female is 0.10107607164339268
Similarity score between princess and female is 0.227790063323751
The difference between similarity scores is 0.12671399168035835
-------------------------------------------------------------------------------
froth,bubble,dense,1:0
Similarity score between froth and dense is 0.20993670935783953
Similarity score between bubble and dense is 0.15863948395379815
The difference between similarity scores is 0.051297225404041386
-------------------------------------------------------------------------------
actor,actress,male,1:0
Similarity score between actress and male is 0.1807948110476417
Similarity score between actor and male is 0.2060590831158589
The difference between similarity scores is 0.025264272068217214
-------------------------------------------------------------------------------
pews,aisle,parish,0:1
Similarity score between pews and parish is 0.4054399884930283
Similarity score between aisle and parish is 0.07795014404472451
The difference between similarity scores is 0.3274898444483038
-------------------------------------------------------------------------------
nave,steeple,large,1:0
Similarity score between nave and large is 0.12933417103470893
Similarity score between steeple and large is 0.0570386023020915
The difference between similarity scores is 0.07229556873261743
-------------------------------------------------------------------------------
fingernail,nail,fingers,0:1
Similarity score between fingernail and fingers is 0.512775311719794
Similarity score between nail and fingers is 0.25897141487654995
The difference between similarity scores is 0.253803896843244
-------------------------------------------------------------------------------
shrubs,flower,green,1:0
Similarity score between shrubs and green is 0.21075555765400172
Similarity score between flower and green is 0.25894788826417237
The difference between similarity scores is 0.04819233061017064
-------------------------------------------------------------------------------
naturalist,physician,observe,0:1
Similarity score between physician and observe is 0.08318093022096996
Similarity score between naturalist and observe is 0.1882965969242001
The difference between similarity scores is 0.10511566670323012
-------------------------------------------------------------------------------
extremity,limb,hands,0:1
Similarity score between extremity and hands is 0.11115051027470367
Similarity score between limb and hands is 0.20612276966396914
The difference between similarity scores is 0.09497225938926547
-------------------------------------------------------------------------------
school,college,educators,0:1
Similarity score between school and educators is 0.43917852182720496
Similarity score between college and educators is 0.27296136764545603
The difference between similarity scores is 0.16621715418174893
-------------------------------------------------------------------------------
room,floor,large,1:0
Similarity score between room and large is 0.14602668937682012
Similarity score between floor and large is 0.08916543734311104
The difference between similarity scores is 0.05686125203370908
-------------------------------------------------------------------------------
magnesium,vitamin,substance,0:1
Similarity score between vitamin and substance is 0.34596972659449643
Similarity score between magnesium and substance is 0.2516601135909132
The difference between similarity scores is 0.0943096130035832
-------------------------------------------------------------------------------
garlic,avocado,white,1:0
Similarity score between garlic and white is 0.16718840904573132
Similarity score between avocado and white is 0.2109101066204057
The difference between similarity scores is 0.043721697574674395
-------------------------------------------------------------------------------
stick,ball,bark,1:0
Similarity score between stick and bark is 0.1912917339311545
Similarity score between ball and bark is 0.1425934010457412
The difference between similarity scores is 0.04869833288541331
-------------------------------------------------------------------------------
cantaloupe,asparagus,round,1:0
Similarity score between asparagus and round is 0.06295191621432535
Similarity score between cantaloupe and round is 0.043997419209254804
The difference between similarity scores is 0.018954497005070542
-------------------------------------------------------------------------------
grooms,bride,marry,0:1
Similarity score between grooms and marry is 0.2786679272089069
Similarity score between bride and marry is 0.5383253070773014
The difference between similarity scores is 0.25965737986839454
-------------------------------------------------------------------------------
spider,rabbit,eyes,0:1
-------------------------------------------------------------------------------
livestock,cattle,chicken,1:0
Similarity score between livestock and chicken is 0.3640183068980506
Similarity score between cattle and chicken is 0.38851327582873413
The difference between similarity scores is 0.024494968930683536
-------------------------------------------------------------------------------
transept,aisle,building,0:1
Similarity score between transept and building is 0.2369389367169589
Similarity score between aisle and building is 0.08611020935960813
The difference between similarity scores is 0.15082872735735076
-------------------------------------------------------------------------------
steep,mountain,climb,0:1
Similarity score between steep and climb is 0.45696341496390386
Similarity score between mountain and climb is 0.35677764034304765
The difference between similarity scores is 0.1001857746208562
-------------------------------------------------------------------------------
